<?xml version="1.0" encoding="UTF-8"?>
<!-- Generated by org.testng.reporters.JUnitXMLReporter -->
<testsuite ignored="0" hostname="DESKTOP-B4DE2CC" failures="0" tests="4" name="Chrome Tests" time="93.072" errors="0" timestamp="2025-09-14T21:24:48 IST">
  <testcase classname="tests.CityTest" name="testChangeLocation" time="12.203"/>
  <testcase classname="tests.CityTest" name="testSearchAndSelectCity" time="11.435"/>
  <testcase classname="tests.CityTest" name="testSelectCityByIcon" time="0.356"/>
  <testcase classname="tests.CityTest" name="testViewAllCities" time="0.846"/>
</testsuite> <!-- Chrome Tests -->
