<?xml version="1.0" encoding="UTF-8"?>
<!-- Generated by org.testng.reporters.JUnitXMLReporter -->
<testsuite ignored="0" hostname="DESKTOP-B4DE2CC" failures="0" tests="4" name="Chrome Tests" time="48.495" errors="0" timestamp="2025-09-19T10:58:03 IST">
  <testcase classname="tests.CityTest" name="testChangeLocation" time="12.178"/>
  <testcase classname="tests.CityTest" name="testSearchAndSelectCity" time="11.501"/>
  <testcase classname="tests.CityTest" name="testSelectCityByIcon" time="0.545"/>
  <testcase classname="tests.CityTest" name="testViewAllCities" time="1.1"/>
</testsuite> <!-- Chrome Tests -->
