<?xml version="1.0" encoding="UTF-8"?>
<!-- Generated by org.testng.reporters.JUnitXMLReporter -->
<testsuite ignored="0" hostname="DESKTOP-B4DE2CC" failures="0" tests="16" name="Chrome Tests" time="314.965" errors="0" timestamp="2025-09-19T10:52:24 IST">
  <testcase classname="tests.LoginTest" name="testLoginUIElements" time="2.593"/>
  <testcase classname="tests.LoginTest" name="testLoginUIElements" time="2.8"/>
  <testcase classname="tests.LoginTest" name="testLoginUIElements" time="2.429"/>
  <testcase classname="tests.LoginTest" name="testLoginWithInvalidMobile" time="1.882"/>
  <testcase classname="tests.LoginTest" name="testLoginWithValidMobile" time="3.131"/>
  <testcase classname="tests.LoginTest" name="testLoginWithValidMobile" time="2.565"/>
  <testcase classname="tests.LoginTest" name="testLoginWithValidMobile" time="2.523"/>
  <testcase classname="tests.CityTest" name="testChangeLocation" time="12.173"/>
  <testcase classname="tests.CityTest" name="testSearchAndSelectCity" time="15.543"/>
  <testcase classname="tests.CityTest" name="testSelectCityByIcon" time="0.571"/>
  <testcase classname="tests.CityTest" name="testViewAllCities" time="1.054"/>
  <testcase classname="tests.MovieTest" name="testMovie8SelectRunningMovie" time="4.785"/>
  <testcase classname="tests.MovieTest" name="testTopMenuNavigation" time="16.297"/>
  <testcase classname="tests.MovieTest" name="testUpcomingAndNowShowing" time="3.277"/>
  <testcase classname="tests.GiftCardTest" name="testGiftCardSection" time="0.511"/>
  <testcase classname="tests.GiftCardTest" name="testInvalidGiftVoucher" time="1.37"/>
</testsuite> <!-- Chrome Tests -->
