<?xml version="1.0" encoding="UTF-8"?>
<!-- Generated by org.testng.reporters.JUnitXMLReporter -->
<testsuite ignored="0" hostname="DESKTOP-B4DE2CC" failures="0" tests="16" name="Chrome Tests" time="374.337" errors="0" timestamp="2025-09-22T09:55:09 IST">
  <testcase classname="tests.LoginTest" name="testLoginUIElements" time="4.012"/>
  <testcase classname="tests.LoginTest" name="testLoginUIElements" time="5.327"/>
  <testcase classname="tests.LoginTest" name="testLoginUIElements" time="6.007"/>
  <testcase classname="tests.LoginTest" name="testLoginWithInvalidMobile" time="4.255"/>
  <testcase classname="tests.LoginTest" name="testLoginWithValidMobile" time="5.372"/>
  <testcase classname="tests.LoginTest" name="testLoginWithValidMobile" time="5.82"/>
  <testcase classname="tests.LoginTest" name="testLoginWithValidMobile" time="4.911"/>
  <testcase classname="tests.CityTest" name="testChangeLocation" time="13.695"/>
  <testcase classname="tests.CityTest" name="testSearchAndSelectCity" time="16.732"/>
  <testcase classname="tests.CityTest" name="testSelectCityByIcon" time="0.56"/>
  <testcase classname="tests.CityTest" name="testViewAllCities" time="1.578"/>
  <testcase classname="tests.MovieTest" name="testMovie8SelectRunningMovie" time="2.364"/>
  <testcase classname="tests.MovieTest" name="testTopMenuNavigation" time="16.539"/>
  <testcase classname="tests.MovieTest" name="testUpcomingAndNowShowing" time="1.294"/>
  <testcase classname="tests.GiftCardTest" name="testGiftCardSection" time="0.256"/>
  <testcase classname="tests.GiftCardTest" name="testInvalidGiftVoucher" time="1.025"/>
</testsuite> <!-- Chrome Tests -->
