<?xml version="1.0" encoding="UTF-8"?>
<!-- Generated by org.testng.reporters.JUnitXMLReporter -->
<testsuite ignored="0" hostname="DESKTOP-B4DE2CC" failures="0" tests="16" name="Edge Tests" time="316.389" errors="0" timestamp="2025-09-21T15:15:00 IST">
  <testcase classname="tests.LoginTest" name="testLoginUIElements" time="2.451"/>
  <testcase classname="tests.LoginTest" name="testLoginUIElements" time="3.064"/>
  <testcase classname="tests.LoginTest" name="testLoginUIElements" time="2.857"/>
  <testcase classname="tests.LoginTest" name="testLoginWithInvalidMobile" time="1.817"/>
  <testcase classname="tests.LoginTest" name="testLoginWithValidMobile" time="3.026"/>
  <testcase classname="tests.LoginTest" name="testLoginWithValidMobile" time="2.512"/>
  <testcase classname="tests.LoginTest" name="testLoginWithValidMobile" time="2.507"/>
  <testcase classname="tests.CityTest" name="testChangeLocation" time="12.378"/>
  <testcase classname="tests.CityTest" name="testSearchAndSelectCity" time="11.6"/>
  <testcase classname="tests.CityTest" name="testSelectCityByIcon" time="0.662"/>
  <testcase classname="tests.CityTest" name="testViewAllCities" time="1.513"/>
  <testcase classname="tests.MovieTest" name="testMovie8SelectRunningMovie" time="2.537"/>
  <testcase classname="tests.MovieTest" name="testTopMenuNavigation" time="15.169"/>
  <testcase classname="tests.MovieTest" name="testUpcomingAndNowShowing" time="2.397"/>
  <testcase classname="tests.GiftCardTest" name="testGiftCardSection" time="0.396"/>
  <testcase classname="tests.GiftCardTest" name="testInvalidGiftVoucher" time="1.53"/>
</testsuite> <!-- Edge Tests -->
