<?xml version="1.0" encoding="UTF-8"?>
<!-- Generated by org.testng.reporters.JUnitXMLReporter -->
<testsuite ignored="0" hostname="DESKTOP-B4DE2CC" failures="0" tests="16" name="Edge Tests" time="320.383" errors="0" timestamp="2025-09-18T21:16:38 IST">
  <testcase classname="tests.LoginTest" name="testLoginUIElements" time="3.167"/>
  <testcase classname="tests.LoginTest" name="testLoginUIElements" time="3.351"/>
  <testcase classname="tests.LoginTest" name="testLoginUIElements" time="2.365"/>
  <testcase classname="tests.LoginTest" name="testLoginWithInvalidMobile" time="1.759"/>
  <testcase classname="tests.LoginTest" name="testLoginWithValidMobile" time="2.811"/>
  <testcase classname="tests.LoginTest" name="testLoginWithValidMobile" time="3.072"/>
  <testcase classname="tests.LoginTest" name="testLoginWithValidMobile" time="2.308"/>
  <testcase classname="tests.CityTest" name="testChangeLocation" time="12.391"/>
  <testcase classname="tests.CityTest" name="testSearchAndSelectCity" time="11.737"/>
  <testcase classname="tests.CityTest" name="testSelectCityByIcon" time="0.712"/>
  <testcase classname="tests.CityTest" name="testViewAllCities" time="1.526"/>
  <testcase classname="tests.MovieTest" name="testMovie8SelectRunningMovie" time="2.471"/>
  <testcase classname="tests.MovieTest" name="testTopMenuNavigation" time="16.31"/>
  <testcase classname="tests.MovieTest" name="testUpcomingAndNowShowing" time="1.871"/>
  <testcase classname="tests.GiftCardTest" name="testGiftCardSection" time="0.539"/>
  <testcase classname="tests.GiftCardTest" name="testInvalidGiftVoucher" time="1.487"/>
</testsuite> <!-- Edge Tests -->
