<?xml version="1.0" encoding="UTF-8"?>
<!-- Generated by org.testng.reporters.JUnitXMLReporter -->
<testsuite ignored="0" hostname="DESKTOP-B4DE2CC" failures="0" tests="12" name="Firefox Tests" time="331.873" errors="0" timestamp="2025-09-11T20:29:55 IST">
  <testcase classname="tests.LoginTest" name="testLoginUIElements" time="2.196"/>
  <testcase classname="tests.LoginTest" name="testLoginWithInvalidMobile" time="0.908"/>
  <testcase classname="tests.LoginTest" name="testLoginWithValidMobile" time="2.314"/>
  <testcase classname="tests.CityTest" name="testChangeLocation" time="12.711"/>
  <testcase classname="tests.CityTest" name="testSearchAndSelectCity" time="11.537"/>
  <testcase classname="tests.CityTest" name="testSelectCityByIcon" time="0.624"/>
  <testcase classname="tests.CityTest" name="testViewAllCities" time="1.205"/>
  <testcase classname="tests.MovieTest" name="testMovie8SelectRunningMovie" time="2.617"/>
  <testcase classname="tests.MovieTest" name="testTopMenuNavigation" time="16.844"/>
  <testcase classname="tests.MovieTest" name="testUpcomingAndNowShowing" time="2.647"/>
  <testcase classname="tests.GiftCardTest" name="testGiftCardSection" time="0.468"/>
  <testcase classname="tests.GiftCardTest" name="testInvalidGiftVoucher" time="1.424"/>
</testsuite> <!-- Firefox Tests -->
