<?xml version="1.0" encoding="UTF-8"?>
<!-- Generated by org.testng.reporters.JUnitXMLReporter -->
<testsuite ignored="0" hostname="DESKTOP-B4DE2CC" failures="0" tests="12" name="Firefox Tests" time="327.141" errors="0" timestamp="2025-09-11T20:46:15 IST">
  <testcase classname="tests.LoginTest" name="testLoginUIElements" time="1.726"/>
  <testcase classname="tests.LoginTest" name="testLoginWithInvalidMobile" time="1.13"/>
  <testcase classname="tests.LoginTest" name="testLoginWithValidMobile" time="2.353"/>
  <testcase classname="tests.CityTest" name="testChangeLocation" time="13.113"/>
  <testcase classname="tests.CityTest" name="testSearchAndSelectCity" time="11.52"/>
  <testcase classname="tests.CityTest" name="testSelectCityByIcon" time="1.208"/>
  <testcase classname="tests.CityTest" name="testViewAllCities" time="1.478"/>
  <testcase classname="tests.MovieTest" name="testMovie8SelectRunningMovie" time="2.605"/>
  <testcase classname="tests.MovieTest" name="testTopMenuNavigation" time="14.203"/>
  <testcase classname="tests.MovieTest" name="testUpcomingAndNowShowing" time="3.064"/>
  <testcase classname="tests.GiftCardTest" name="testGiftCardSection" time="0.431"/>
  <testcase classname="tests.GiftCardTest" name="testInvalidGiftVoucher" time="1.358"/>
</testsuite> <!-- Firefox Tests -->
