<?xml version="1.0" encoding="UTF-8"?>
<testng-results ignored="0" total="32" passed="32" failed="0" skipped="0">
  <reporter-output>
  </reporter-output>
  <suite started-at="2025-09-21T15:09:43 IST" name="Regression Suite" finished-at="2025-09-21T15:15:01 IST" duration-ms="317877">
    <groups>
    </groups>
    <test started-at="2025-09-21T15:09:43 IST" name="Edge Tests" finished-at="2025-09-21T15:15:00 IST" duration-ms="316389">
      <class name="tests.LoginTest">
        <test-method is-config="true" signature="setup(java.lang.String)[pri:0, instance:tests.LoginTest@a37aefe]" started-at="2025-09-21T15:09:45 IST" name="setup" finished-at="2025-09-21T15:09:52 IST" duration-ms="6794" status="PASS">
          <params>
            <param index="0">
              <value>
                <![CDATA[edge]]>
              </value>
            </param>
          </params>
          <reporter-output>
          </reporter-output>
        </test-method> <!-- setup -->
        <test-method is-config="true" signature="setupPagesAndSelectCity()[pri:0, instance:tests.LoginTest@a37aefe]" started-at="2025-09-21T15:09:52 IST" name="setupPagesAndSelectCity" finished-at="2025-09-21T15:10:04 IST" duration-ms="11755" status="PASS">
          <reporter-output>
          </reporter-output>
        </test-method> <!-- setupPagesAndSelectCity -->
        <test-method signature="testLoginUIElements(java.lang.String,java.lang.String)[pri:0, instance:tests.LoginTest@a37aefe]" started-at="2025-09-21T15:10:04 IST" name="testLoginUIElements" data-provider="loginData" finished-at="2025-09-21T15:10:06 IST" duration-ms="2451" status="PASS">
          <params>
            <param index="0">
              <value>
                <![CDATA[9677589962]]>
              </value>
            </param>
            <param index="1">
              <value>
                <![CDATA[150086]]>
              </value>
            </param>
          </params>
          <reporter-output>
          </reporter-output>
        </test-method> <!-- testLoginUIElements -->
        <test-method is-config="true" signature="tearDown()[pri:0, instance:tests.LoginTest@a37aefe]" started-at="2025-09-21T15:10:06 IST" name="tearDown" finished-at="2025-09-21T15:10:06 IST" duration-ms="381" status="PASS">
          <reporter-output>
          </reporter-output>
        </test-method> <!-- tearDown -->
        <test-method is-config="true" signature="setup(java.lang.String)[pri:0, instance:tests.LoginTest@a37aefe]" started-at="2025-09-21T15:10:06 IST" name="setup" finished-at="2025-09-21T15:10:12 IST" duration-ms="5702" status="PASS">
          <params>
            <param index="0">
              <value>
                <![CDATA[edge]]>
              </value>
            </param>
          </params>
          <reporter-output>
          </reporter-output>
        </test-method> <!-- setup -->
        <test-method is-config="true" signature="setupPagesAndSelectCity()[pri:0, instance:tests.LoginTest@a37aefe]" started-at="2025-09-21T15:10:12 IST" name="setupPagesAndSelectCity" finished-at="2025-09-21T15:10:24 IST" duration-ms="11682" status="PASS">
          <reporter-output>
          </reporter-output>
        </test-method> <!-- setupPagesAndSelectCity -->
        <test-method signature="testLoginUIElements(java.lang.String,java.lang.String)[pri:0, instance:tests.LoginTest@a37aefe]" started-at="2025-09-21T15:10:24 IST" name="testLoginUIElements" data-provider="loginData" finished-at="2025-09-21T15:10:27 IST" duration-ms="3064" status="PASS">
          <params>
            <param index="0">
              <value>
                <![CDATA[7203521888]]>
              </value>
            </param>
            <param index="1">
              <value>
                <![CDATA[844796]]>
              </value>
            </param>
          </params>
          <reporter-output>
          </reporter-output>
        </test-method> <!-- testLoginUIElements -->
        <test-method is-config="true" signature="tearDown()[pri:0, instance:tests.LoginTest@a37aefe]" started-at="2025-09-21T15:10:27 IST" name="tearDown" finished-at="2025-09-21T15:10:27 IST" duration-ms="455" status="PASS">
          <reporter-output>
          </reporter-output>
        </test-method> <!-- tearDown -->
        <test-method is-config="true" signature="setup(java.lang.String)[pri:0, instance:tests.LoginTest@a37aefe]" started-at="2025-09-21T15:10:27 IST" name="setup" finished-at="2025-09-21T15:10:36 IST" duration-ms="8936" status="PASS">
          <params>
            <param index="0">
              <value>
                <![CDATA[edge]]>
              </value>
            </param>
          </params>
          <reporter-output>
          </reporter-output>
        </test-method> <!-- setup -->
        <test-method is-config="true" signature="setupPagesAndSelectCity()[pri:0, instance:tests.LoginTest@a37aefe]" started-at="2025-09-21T15:10:36 IST" name="setupPagesAndSelectCity" finished-at="2025-09-21T15:10:48 IST" duration-ms="11771" status="PASS">
          <reporter-output>
          </reporter-output>
        </test-method> <!-- setupPagesAndSelectCity -->
        <test-method signature="testLoginUIElements(java.lang.String,java.lang.String)[pri:0, instance:tests.LoginTest@a37aefe]" started-at="2025-09-21T15:10:48 IST" name="testLoginUIElements" data-provider="loginData" finished-at="2025-09-21T15:10:51 IST" duration-ms="2857" status="PASS">
          <params>
            <param index="0">
              <value>
                <![CDATA[8055509738]]>
              </value>
            </param>
            <param index="1">
              <value>
                <![CDATA[32841]]>
              </value>
            </param>
          </params>
          <reporter-output>
          </reporter-output>
        </test-method> <!-- testLoginUIElements -->
        <test-method is-config="true" signature="tearDown()[pri:0, instance:tests.LoginTest@a37aefe]" started-at="2025-09-21T15:10:51 IST" name="tearDown" finished-at="2025-09-21T15:10:51 IST" duration-ms="429" status="PASS">
          <reporter-output>
          </reporter-output>
        </test-method> <!-- tearDown -->
        <test-method is-config="true" signature="setup(java.lang.String)[pri:0, instance:tests.LoginTest@a37aefe]" started-at="2025-09-21T15:10:51 IST" name="setup" finished-at="2025-09-21T15:11:00 IST" duration-ms="8701" status="PASS">
          <params>
            <param index="0">
              <value>
                <![CDATA[edge]]>
              </value>
            </param>
          </params>
          <reporter-output>
          </reporter-output>
        </test-method> <!-- setup -->
        <test-method is-config="true" signature="setupPagesAndSelectCity()[pri:0, instance:tests.LoginTest@a37aefe]" started-at="2025-09-21T15:11:00 IST" name="setupPagesAndSelectCity" finished-at="2025-09-21T15:11:12 IST" duration-ms="11650" status="PASS">
          <reporter-output>
          </reporter-output>
        </test-method> <!-- setupPagesAndSelectCity -->
        <test-method signature="testLoginWithInvalidMobile()[pri:0, instance:tests.LoginTest@a37aefe]" started-at="2025-09-21T15:11:12 IST" name="testLoginWithInvalidMobile" finished-at="2025-09-21T15:11:13 IST" duration-ms="1817" status="PASS">
          <reporter-output>
          </reporter-output>
        </test-method> <!-- testLoginWithInvalidMobile -->
        <test-method is-config="true" signature="tearDown()[pri:0, instance:tests.LoginTest@a37aefe]" started-at="2025-09-21T15:11:13 IST" name="tearDown" finished-at="2025-09-21T15:11:14 IST" duration-ms="361" status="PASS">
          <reporter-output>
          </reporter-output>
        </test-method> <!-- tearDown -->
        <test-method is-config="true" signature="setup(java.lang.String)[pri:0, instance:tests.LoginTest@a37aefe]" started-at="2025-09-21T15:11:14 IST" name="setup" finished-at="2025-09-21T15:11:21 IST" duration-ms="7551" status="PASS">
          <params>
            <param index="0">
              <value>
                <![CDATA[edge]]>
              </value>
            </param>
          </params>
          <reporter-output>
          </reporter-output>
        </test-method> <!-- setup -->
        <test-method is-config="true" signature="setupPagesAndSelectCity()[pri:0, instance:tests.LoginTest@a37aefe]" started-at="2025-09-21T15:11:21 IST" name="setupPagesAndSelectCity" finished-at="2025-09-21T15:11:33 IST" duration-ms="11533" status="PASS">
          <reporter-output>
          </reporter-output>
        </test-method> <!-- setupPagesAndSelectCity -->
        <test-method signature="testLoginWithValidMobile(java.lang.String,java.lang.String)[pri:0, instance:tests.LoginTest@a37aefe]" started-at="2025-09-21T15:11:33 IST" name="testLoginWithValidMobile" data-provider="loginData" finished-at="2025-09-21T15:11:36 IST" duration-ms="3026" status="PASS">
          <params>
            <param index="0">
              <value>
                <![CDATA[9677589962]]>
              </value>
            </param>
            <param index="1">
              <value>
                <![CDATA[150086]]>
              </value>
            </param>
          </params>
          <reporter-output>
          </reporter-output>
        </test-method> <!-- testLoginWithValidMobile -->
        <test-method is-config="true" signature="tearDown()[pri:0, instance:tests.LoginTest@a37aefe]" started-at="2025-09-21T15:11:36 IST" name="tearDown" finished-at="2025-09-21T15:11:36 IST" duration-ms="450" status="PASS">
          <reporter-output>
          </reporter-output>
        </test-method> <!-- tearDown -->
        <test-method is-config="true" signature="setup(java.lang.String)[pri:0, instance:tests.LoginTest@a37aefe]" started-at="2025-09-21T15:11:36 IST" name="setup" finished-at="2025-09-21T15:11:42 IST" duration-ms="5292" status="PASS">
          <params>
            <param index="0">
              <value>
                <![CDATA[edge]]>
              </value>
            </param>
          </params>
          <reporter-output>
          </reporter-output>
        </test-method> <!-- setup -->
        <test-method is-config="true" signature="setupPagesAndSelectCity()[pri:0, instance:tests.LoginTest@a37aefe]" started-at="2025-09-21T15:11:42 IST" name="setupPagesAndSelectCity" finished-at="2025-09-21T15:11:53 IST" duration-ms="11647" status="PASS">
          <reporter-output>
          </reporter-output>
        </test-method> <!-- setupPagesAndSelectCity -->
        <test-method signature="testLoginWithValidMobile(java.lang.String,java.lang.String)[pri:0, instance:tests.LoginTest@a37aefe]" started-at="2025-09-21T15:11:53 IST" name="testLoginWithValidMobile" data-provider="loginData" finished-at="2025-09-21T15:11:56 IST" duration-ms="2512" status="PASS">
          <params>
            <param index="0">
              <value>
                <![CDATA[7203521888]]>
              </value>
            </param>
            <param index="1">
              <value>
                <![CDATA[844796]]>
              </value>
            </param>
          </params>
          <reporter-output>
          </reporter-output>
        </test-method> <!-- testLoginWithValidMobile -->
        <test-method is-config="true" signature="tearDown()[pri:0, instance:tests.LoginTest@a37aefe]" started-at="2025-09-21T15:11:56 IST" name="tearDown" finished-at="2025-09-21T15:11:56 IST" duration-ms="401" status="PASS">
          <reporter-output>
          </reporter-output>
        </test-method> <!-- tearDown -->
        <test-method is-config="true" signature="setup(java.lang.String)[pri:0, instance:tests.LoginTest@a37aefe]" started-at="2025-09-21T15:11:56 IST" name="setup" finished-at="2025-09-21T15:12:05 IST" duration-ms="8966" status="PASS">
          <params>
            <param index="0">
              <value>
                <![CDATA[edge]]>
              </value>
            </param>
          </params>
          <reporter-output>
          </reporter-output>
        </test-method> <!-- setup -->
        <test-method is-config="true" signature="setupPagesAndSelectCity()[pri:0, instance:tests.LoginTest@a37aefe]" started-at="2025-09-21T15:12:05 IST" name="setupPagesAndSelectCity" finished-at="2025-09-21T15:12:17 IST" duration-ms="11679" status="PASS">
          <reporter-output>
          </reporter-output>
        </test-method> <!-- setupPagesAndSelectCity -->
        <test-method signature="testLoginWithValidMobile(java.lang.String,java.lang.String)[pri:0, instance:tests.LoginTest@a37aefe]" started-at="2025-09-21T15:12:17 IST" name="testLoginWithValidMobile" data-provider="loginData" finished-at="2025-09-21T15:12:19 IST" duration-ms="2507" status="PASS">
          <params>
            <param index="0">
              <value>
                <![CDATA[8055509738]]>
              </value>
            </param>
            <param index="1">
              <value>
                <![CDATA[32841]]>
              </value>
            </param>
          </params>
          <reporter-output>
          </reporter-output>
        </test-method> <!-- testLoginWithValidMobile -->
        <test-method is-config="true" signature="tearDown()[pri:0, instance:tests.LoginTest@a37aefe]" started-at="2025-09-21T15:12:19 IST" name="tearDown" finished-at="2025-09-21T15:12:20 IST" duration-ms="343" status="PASS">
          <reporter-output>
          </reporter-output>
        </test-method> <!-- tearDown -->
      </class> <!-- tests.LoginTest -->
      <class name="tests.CityTest">
        <test-method is-config="true" signature="setup(java.lang.String)[pri:0, instance:tests.CityTest@5d99c6b5]" started-at="2025-09-21T15:12:20 IST" name="setup" finished-at="2025-09-21T15:12:25 IST" duration-ms="5449" status="PASS">
          <params>
            <param index="0">
              <value>
                <![CDATA[edge]]>
              </value>
            </param>
          </params>
          <reporter-output>
          </reporter-output>
        </test-method> <!-- setup -->
        <test-method signature="testChangeLocation()[pri:0, instance:tests.CityTest@5d99c6b5]" started-at="2025-09-21T15:12:25 IST" name="testChangeLocation" finished-at="2025-09-21T15:12:38 IST" duration-ms="12378" status="PASS">
          <reporter-output>
          </reporter-output>
        </test-method> <!-- testChangeLocation -->
        <test-method is-config="true" signature="tearDown()[pri:0, instance:tests.CityTest@5d99c6b5]" started-at="2025-09-21T15:12:38 IST" name="tearDown" finished-at="2025-09-21T15:12:38 IST" duration-ms="383" status="PASS">
          <reporter-output>
          </reporter-output>
        </test-method> <!-- tearDown -->
        <test-method is-config="true" signature="setup(java.lang.String)[pri:0, instance:tests.CityTest@5d99c6b5]" started-at="2025-09-21T15:12:38 IST" name="setup" finished-at="2025-09-21T15:12:43 IST" duration-ms="5200" status="PASS">
          <params>
            <param index="0">
              <value>
                <![CDATA[edge]]>
              </value>
            </param>
          </params>
          <reporter-output>
          </reporter-output>
        </test-method> <!-- setup -->
        <test-method signature="testSearchAndSelectCity()[pri:0, instance:tests.CityTest@5d99c6b5]" started-at="2025-09-21T15:12:43 IST" name="testSearchAndSelectCity" finished-at="2025-09-21T15:12:55 IST" duration-ms="11600" status="PASS">
          <reporter-output>
          </reporter-output>
        </test-method> <!-- testSearchAndSelectCity -->
        <test-method is-config="true" signature="tearDown()[pri:0, instance:tests.CityTest@5d99c6b5]" started-at="2025-09-21T15:12:55 IST" name="tearDown" finished-at="2025-09-21T15:12:55 IST" duration-ms="417" status="PASS">
          <reporter-output>
          </reporter-output>
        </test-method> <!-- tearDown -->
        <test-method is-config="true" signature="setup(java.lang.String)[pri:0, instance:tests.CityTest@5d99c6b5]" started-at="2025-09-21T15:12:55 IST" name="setup" finished-at="2025-09-21T15:13:01 IST" duration-ms="5343" status="PASS">
          <params>
            <param index="0">
              <value>
                <![CDATA[edge]]>
              </value>
            </param>
          </params>
          <reporter-output>
          </reporter-output>
        </test-method> <!-- setup -->
        <test-method signature="testSelectCityByIcon()[pri:0, instance:tests.CityTest@5d99c6b5]" started-at="2025-09-21T15:13:01 IST" name="testSelectCityByIcon" finished-at="2025-09-21T15:13:01 IST" duration-ms="662" status="PASS">
          <reporter-output>
          </reporter-output>
        </test-method> <!-- testSelectCityByIcon -->
        <test-method is-config="true" signature="tearDown()[pri:0, instance:tests.CityTest@5d99c6b5]" started-at="2025-09-21T15:13:01 IST" name="tearDown" finished-at="2025-09-21T15:13:02 IST" duration-ms="366" status="PASS">
          <reporter-output>
          </reporter-output>
        </test-method> <!-- tearDown -->
        <test-method is-config="true" signature="setup(java.lang.String)[pri:0, instance:tests.CityTest@5d99c6b5]" started-at="2025-09-21T15:13:02 IST" name="setup" finished-at="2025-09-21T15:13:07 IST" duration-ms="5091" status="PASS">
          <params>
            <param index="0">
              <value>
                <![CDATA[edge]]>
              </value>
            </param>
          </params>
          <reporter-output>
          </reporter-output>
        </test-method> <!-- setup -->
        <test-method signature="testViewAllCities()[pri:0, instance:tests.CityTest@5d99c6b5]" started-at="2025-09-21T15:13:07 IST" name="testViewAllCities" finished-at="2025-09-21T15:13:08 IST" duration-ms="1513" status="PASS">
          <reporter-output>
          </reporter-output>
        </test-method> <!-- testViewAllCities -->
        <test-method is-config="true" signature="tearDown()[pri:0, instance:tests.CityTest@5d99c6b5]" started-at="2025-09-21T15:13:08 IST" name="tearDown" finished-at="2025-09-21T15:13:09 IST" duration-ms="366" status="PASS">
          <reporter-output>
          </reporter-output>
        </test-method> <!-- tearDown -->
      </class> <!-- tests.CityTest -->
      <class name="tests.MovieTest">
        <test-method is-config="true" signature="setup(java.lang.String)[pri:0, instance:tests.MovieTest@266374ef]" started-at="2025-09-21T15:13:09 IST" name="setup" finished-at="2025-09-21T15:13:16 IST" duration-ms="7279" status="PASS">
          <params>
            <param index="0">
              <value>
                <![CDATA[edge]]>
              </value>
            </param>
          </params>
          <reporter-output>
          </reporter-output>
        </test-method> <!-- setup -->
        <test-method is-config="true" signature="setupPagesAndSelectCity()[pri:0, instance:tests.MovieTest@266374ef]" started-at="2025-09-21T15:13:16 IST" name="setupPagesAndSelectCity" finished-at="2025-09-21T15:13:27 IST" duration-ms="11631" status="PASS">
          <reporter-output>
          </reporter-output>
        </test-method> <!-- setupPagesAndSelectCity -->
        <test-method signature="testMovie8SelectRunningMovie()[pri:0, instance:tests.MovieTest@266374ef]" started-at="2025-09-21T15:13:27 IST" name="testMovie8SelectRunningMovie" finished-at="2025-09-21T15:13:30 IST" duration-ms="2537" status="PASS">
          <reporter-output>
          </reporter-output>
        </test-method> <!-- testMovie8SelectRunningMovie -->
        <test-method is-config="true" signature="tearDown()[pri:0, instance:tests.MovieTest@266374ef]" started-at="2025-09-21T15:13:30 IST" name="tearDown" finished-at="2025-09-21T15:13:30 IST" duration-ms="472" status="PASS">
          <reporter-output>
          </reporter-output>
        </test-method> <!-- tearDown -->
        <test-method is-config="true" signature="setup(java.lang.String)[pri:0, instance:tests.MovieTest@266374ef]" started-at="2025-09-21T15:13:30 IST" name="setup" finished-at="2025-09-21T15:13:36 IST" duration-ms="5195" status="PASS">
          <params>
            <param index="0">
              <value>
                <![CDATA[edge]]>
              </value>
            </param>
          </params>
          <reporter-output>
          </reporter-output>
        </test-method> <!-- setup -->
        <test-method is-config="true" signature="setupPagesAndSelectCity()[pri:0, instance:tests.MovieTest@266374ef]" started-at="2025-09-21T15:13:36 IST" name="setupPagesAndSelectCity" finished-at="2025-09-21T15:13:47 IST" duration-ms="11754" status="PASS">
          <reporter-output>
          </reporter-output>
        </test-method> <!-- setupPagesAndSelectCity -->
        <test-method signature="testTopMenuNavigation()[pri:0, instance:tests.MovieTest@266374ef]" started-at="2025-09-21T15:13:47 IST" name="testTopMenuNavigation" finished-at="2025-09-21T15:14:03 IST" duration-ms="15169" status="PASS">
          <reporter-output>
          </reporter-output>
        </test-method> <!-- testTopMenuNavigation -->
        <test-method is-config="true" signature="tearDown()[pri:0, instance:tests.MovieTest@266374ef]" started-at="2025-09-21T15:14:03 IST" name="tearDown" finished-at="2025-09-21T15:14:03 IST" duration-ms="435" status="PASS">
          <reporter-output>
          </reporter-output>
        </test-method> <!-- tearDown -->
        <test-method is-config="true" signature="setup(java.lang.String)[pri:0, instance:tests.MovieTest@266374ef]" started-at="2025-09-21T15:14:03 IST" name="setup" finished-at="2025-09-21T15:14:09 IST" duration-ms="5566" status="PASS">
          <params>
            <param index="0">
              <value>
                <![CDATA[edge]]>
              </value>
            </param>
          </params>
          <reporter-output>
          </reporter-output>
        </test-method> <!-- setup -->
        <test-method is-config="true" signature="setupPagesAndSelectCity()[pri:0, instance:tests.MovieTest@266374ef]" started-at="2025-09-21T15:14:09 IST" name="setupPagesAndSelectCity" finished-at="2025-09-21T15:14:20 IST" duration-ms="11720" status="PASS">
          <reporter-output>
          </reporter-output>
        </test-method> <!-- setupPagesAndSelectCity -->
        <test-method signature="testUpcomingAndNowShowing()[pri:0, instance:tests.MovieTest@266374ef]" started-at="2025-09-21T15:14:20 IST" name="testUpcomingAndNowShowing" finished-at="2025-09-21T15:14:23 IST" duration-ms="2397" status="PASS">
          <reporter-output>
          </reporter-output>
        </test-method> <!-- testUpcomingAndNowShowing -->
        <test-method is-config="true" signature="tearDown()[pri:0, instance:tests.MovieTest@266374ef]" started-at="2025-09-21T15:14:23 IST" name="tearDown" finished-at="2025-09-21T15:14:23 IST" duration-ms="453" status="PASS">
          <reporter-output>
          </reporter-output>
        </test-method> <!-- tearDown -->
      </class> <!-- tests.MovieTest -->
      <class name="tests.GiftCardTest">
        <test-method is-config="true" signature="setup(java.lang.String)[pri:0, instance:tests.GiftCardTest@13b3d178]" started-at="2025-09-21T15:14:23 IST" name="setup" finished-at="2025-09-21T15:14:29 IST" duration-ms="5378" status="PASS">
          <params>
            <param index="0">
              <value>
                <![CDATA[edge]]>
              </value>
            </param>
          </params>
          <reporter-output>
          </reporter-output>
        </test-method> <!-- setup -->
        <test-method is-config="true" signature="setupPagesAndSelectCity()[pri:0, instance:tests.GiftCardTest@13b3d178]" started-at="2025-09-21T15:14:29 IST" name="setupPagesAndSelectCity" finished-at="2025-09-21T15:14:40 IST" duration-ms="11654" status="PASS">
          <reporter-output>
          </reporter-output>
        </test-method> <!-- setupPagesAndSelectCity -->
        <test-method signature="testGiftCardSection()[pri:0, instance:tests.GiftCardTest@13b3d178]" started-at="2025-09-21T15:14:40 IST" name="testGiftCardSection" finished-at="2025-09-21T15:14:41 IST" duration-ms="396" status="PASS">
          <reporter-output>
          </reporter-output>
        </test-method> <!-- testGiftCardSection -->
        <test-method is-config="true" signature="tearDown()[pri:0, instance:tests.GiftCardTest@13b3d178]" started-at="2025-09-21T15:14:41 IST" name="tearDown" finished-at="2025-09-21T15:14:41 IST" duration-ms="347" status="PASS">
          <reporter-output>
          </reporter-output>
        </test-method> <!-- tearDown -->
        <test-method is-config="true" signature="setup(java.lang.String)[pri:0, instance:tests.GiftCardTest@13b3d178]" started-at="2025-09-21T15:14:41 IST" name="setup" finished-at="2025-09-21T15:14:46 IST" duration-ms="5265" status="PASS">
          <params>
            <param index="0">
              <value>
                <![CDATA[edge]]>
              </value>
            </param>
          </params>
          <reporter-output>
          </reporter-output>
        </test-method> <!-- setup -->
        <test-method is-config="true" signature="setupPagesAndSelectCity()[pri:0, instance:tests.GiftCardTest@13b3d178]" started-at="2025-09-21T15:14:46 IST" name="setupPagesAndSelectCity" finished-at="2025-09-21T15:14:58 IST" duration-ms="11633" status="PASS">
          <reporter-output>
          </reporter-output>
        </test-method> <!-- setupPagesAndSelectCity -->
        <test-method signature="testInvalidGiftVoucher()[pri:0, instance:tests.GiftCardTest@13b3d178]" started-at="2025-09-21T15:14:58 IST" name="testInvalidGiftVoucher" finished-at="2025-09-21T15:14:59 IST" duration-ms="1530" status="PASS">
          <reporter-output>
          </reporter-output>
        </test-method> <!-- testInvalidGiftVoucher -->
        <test-method is-config="true" signature="tearDown()[pri:0, instance:tests.GiftCardTest@13b3d178]" started-at="2025-09-21T15:14:59 IST" name="tearDown" finished-at="2025-09-21T15:15:00 IST" duration-ms="405" status="PASS">
          <reporter-output>
          </reporter-output>
        </test-method> <!-- tearDown -->
      </class> <!-- tests.GiftCardTest -->
    </test> <!-- Edge Tests -->
    <test started-at="2025-09-21T15:09:43 IST" name="Chrome Tests" finished-at="2025-09-21T15:15:01 IST" duration-ms="317877">
      <class name="tests.LoginTest">
        <test-method is-config="true" signature="setup(java.lang.String)[pri:0, instance:tests.LoginTest@3f1d2e23]" started-at="2025-09-21T15:09:45 IST" name="setup" finished-at="2025-09-21T15:09:54 IST" duration-ms="8861" status="PASS">
          <params>
            <param index="0">
              <value>
                <![CDATA[chrome]]>
              </value>
            </param>
          </params>
          <reporter-output>
          </reporter-output>
        </test-method> <!-- setup -->
        <test-method is-config="true" signature="setupPagesAndSelectCity()[pri:0, instance:tests.LoginTest@3f1d2e23]" started-at="2025-09-21T15:09:54 IST" name="setupPagesAndSelectCity" finished-at="2025-09-21T15:10:05 IST" duration-ms="11520" status="PASS">
          <reporter-output>
          </reporter-output>
        </test-method> <!-- setupPagesAndSelectCity -->
        <test-method signature="testLoginUIElements(java.lang.String,java.lang.String)[pri:0, instance:tests.LoginTest@3f1d2e23]" started-at="2025-09-21T15:10:05 IST" name="testLoginUIElements" data-provider="loginData" finished-at="2025-09-21T15:10:08 IST" duration-ms="2927" status="PASS">
          <params>
            <param index="0">
              <value>
                <![CDATA[9677589962]]>
              </value>
            </param>
            <param index="1">
              <value>
                <![CDATA[150086]]>
              </value>
            </param>
          </params>
          <reporter-output>
          </reporter-output>
        </test-method> <!-- testLoginUIElements -->
        <test-method is-config="true" signature="tearDown()[pri:0, instance:tests.LoginTest@3f1d2e23]" started-at="2025-09-21T15:10:08 IST" name="tearDown" finished-at="2025-09-21T15:10:09 IST" duration-ms="464" status="PASS">
          <reporter-output>
          </reporter-output>
        </test-method> <!-- tearDown -->
        <test-method is-config="true" signature="setup(java.lang.String)[pri:0, instance:tests.LoginTest@3f1d2e23]" started-at="2025-09-21T15:10:09 IST" name="setup" finished-at="2025-09-21T15:10:14 IST" duration-ms="4951" status="PASS">
          <params>
            <param index="0">
              <value>
                <![CDATA[chrome]]>
              </value>
            </param>
          </params>
          <reporter-output>
          </reporter-output>
        </test-method> <!-- setup -->
        <test-method is-config="true" signature="setupPagesAndSelectCity()[pri:0, instance:tests.LoginTest@3f1d2e23]" started-at="2025-09-21T15:10:14 IST" name="setupPagesAndSelectCity" finished-at="2025-09-21T15:10:25 IST" duration-ms="11619" status="PASS">
          <reporter-output>
          </reporter-output>
        </test-method> <!-- setupPagesAndSelectCity -->
        <test-method signature="testLoginUIElements(java.lang.String,java.lang.String)[pri:0, instance:tests.LoginTest@3f1d2e23]" started-at="2025-09-21T15:10:25 IST" name="testLoginUIElements" data-provider="loginData" finished-at="2025-09-21T15:10:28 IST" duration-ms="2694" status="PASS">
          <params>
            <param index="0">
              <value>
                <![CDATA[7203521888]]>
              </value>
            </param>
            <param index="1">
              <value>
                <![CDATA[844796]]>
              </value>
            </param>
          </params>
          <reporter-output>
          </reporter-output>
        </test-method> <!-- testLoginUIElements -->
        <test-method is-config="true" signature="tearDown()[pri:0, instance:tests.LoginTest@3f1d2e23]" started-at="2025-09-21T15:10:28 IST" name="tearDown" finished-at="2025-09-21T15:10:29 IST" duration-ms="568" status="PASS">
          <reporter-output>
          </reporter-output>
        </test-method> <!-- tearDown -->
        <test-method is-config="true" signature="setup(java.lang.String)[pri:0, instance:tests.LoginTest@3f1d2e23]" started-at="2025-09-21T15:10:29 IST" name="setup" finished-at="2025-09-21T15:10:44 IST" duration-ms="15173" status="PASS">
          <params>
            <param index="0">
              <value>
                <![CDATA[chrome]]>
              </value>
            </param>
          </params>
          <reporter-output>
          </reporter-output>
        </test-method> <!-- setup -->
        <test-method is-config="true" signature="setupPagesAndSelectCity()[pri:0, instance:tests.LoginTest@3f1d2e23]" started-at="2025-09-21T15:10:44 IST" name="setupPagesAndSelectCity" finished-at="2025-09-21T15:10:55 IST" duration-ms="11681" status="PASS">
          <reporter-output>
          </reporter-output>
        </test-method> <!-- setupPagesAndSelectCity -->
        <test-method signature="testLoginUIElements(java.lang.String,java.lang.String)[pri:0, instance:tests.LoginTest@3f1d2e23]" started-at="2025-09-21T15:10:55 IST" name="testLoginUIElements" data-provider="loginData" finished-at="2025-09-21T15:10:58 IST" duration-ms="3008" status="PASS">
          <params>
            <param index="0">
              <value>
                <![CDATA[8055509738]]>
              </value>
            </param>
            <param index="1">
              <value>
                <![CDATA[32841]]>
              </value>
            </param>
          </params>
          <reporter-output>
          </reporter-output>
        </test-method> <!-- testLoginUIElements -->
        <test-method is-config="true" signature="tearDown()[pri:0, instance:tests.LoginTest@3f1d2e23]" started-at="2025-09-21T15:10:58 IST" name="tearDown" finished-at="2025-09-21T15:10:59 IST" duration-ms="405" status="PASS">
          <reporter-output>
          </reporter-output>
        </test-method> <!-- tearDown -->
        <test-method is-config="true" signature="setup(java.lang.String)[pri:0, instance:tests.LoginTest@3f1d2e23]" started-at="2025-09-21T15:10:59 IST" name="setup" finished-at="2025-09-21T15:11:08 IST" duration-ms="8809" status="PASS">
          <params>
            <param index="0">
              <value>
                <![CDATA[chrome]]>
              </value>
            </param>
          </params>
          <reporter-output>
          </reporter-output>
        </test-method> <!-- setup -->
        <test-method is-config="true" signature="setupPagesAndSelectCity()[pri:0, instance:tests.LoginTest@3f1d2e23]" started-at="2025-09-21T15:11:08 IST" name="setupPagesAndSelectCity" finished-at="2025-09-21T15:11:19 IST" duration-ms="11589" status="PASS">
          <reporter-output>
          </reporter-output>
        </test-method> <!-- setupPagesAndSelectCity -->
        <test-method signature="testLoginWithInvalidMobile()[pri:0, instance:tests.LoginTest@3f1d2e23]" started-at="2025-09-21T15:11:19 IST" name="testLoginWithInvalidMobile" finished-at="2025-09-21T15:11:21 IST" duration-ms="1734" status="PASS">
          <reporter-output>
          </reporter-output>
        </test-method> <!-- testLoginWithInvalidMobile -->
        <test-method is-config="true" signature="tearDown()[pri:0, instance:tests.LoginTest@3f1d2e23]" started-at="2025-09-21T15:11:21 IST" name="tearDown" finished-at="2025-09-21T15:11:21 IST" duration-ms="293" status="PASS">
          <reporter-output>
          </reporter-output>
        </test-method> <!-- tearDown -->
        <test-method is-config="true" signature="setup(java.lang.String)[pri:0, instance:tests.LoginTest@3f1d2e23]" started-at="2025-09-21T15:11:21 IST" name="setup" finished-at="2025-09-21T15:11:28 IST" duration-ms="6853" status="PASS">
          <params>
            <param index="0">
              <value>
                <![CDATA[chrome]]>
              </value>
            </param>
          </params>
          <reporter-output>
          </reporter-output>
        </test-method> <!-- setup -->
        <test-method is-config="true" signature="setupPagesAndSelectCity()[pri:0, instance:tests.LoginTest@3f1d2e23]" started-at="2025-09-21T15:11:28 IST" name="setupPagesAndSelectCity" finished-at="2025-09-21T15:11:40 IST" duration-ms="11560" status="PASS">
          <reporter-output>
          </reporter-output>
        </test-method> <!-- setupPagesAndSelectCity -->
        <test-method signature="testLoginWithValidMobile(java.lang.String,java.lang.String)[pri:0, instance:tests.LoginTest@3f1d2e23]" started-at="2025-09-21T15:11:40 IST" name="testLoginWithValidMobile" data-provider="loginData" finished-at="2025-09-21T15:11:42 IST" duration-ms="2682" status="PASS">
          <params>
            <param index="0">
              <value>
                <![CDATA[9677589962]]>
              </value>
            </param>
            <param index="1">
              <value>
                <![CDATA[150086]]>
              </value>
            </param>
          </params>
          <reporter-output>
          </reporter-output>
        </test-method> <!-- testLoginWithValidMobile -->
        <test-method is-config="true" signature="tearDown()[pri:0, instance:tests.LoginTest@3f1d2e23]" started-at="2025-09-21T15:11:42 IST" name="tearDown" finished-at="2025-09-21T15:11:43 IST" duration-ms="437" status="PASS">
          <reporter-output>
          </reporter-output>
        </test-method> <!-- tearDown -->
        <test-method is-config="true" signature="setup(java.lang.String)[pri:0, instance:tests.LoginTest@3f1d2e23]" started-at="2025-09-21T15:11:43 IST" name="setup" finished-at="2025-09-21T15:11:48 IST" duration-ms="5252" status="PASS">
          <params>
            <param index="0">
              <value>
                <![CDATA[chrome]]>
              </value>
            </param>
          </params>
          <reporter-output>
          </reporter-output>
        </test-method> <!-- setup -->
        <test-method is-config="true" signature="setupPagesAndSelectCity()[pri:0, instance:tests.LoginTest@3f1d2e23]" started-at="2025-09-21T15:11:48 IST" name="setupPagesAndSelectCity" finished-at="2025-09-21T15:12:00 IST" duration-ms="11519" status="PASS">
          <reporter-output>
          </reporter-output>
        </test-method> <!-- setupPagesAndSelectCity -->
        <test-method signature="testLoginWithValidMobile(java.lang.String,java.lang.String)[pri:0, instance:tests.LoginTest@3f1d2e23]" started-at="2025-09-21T15:12:00 IST" name="testLoginWithValidMobile" data-provider="loginData" finished-at="2025-09-21T15:12:02 IST" duration-ms="2643" status="PASS">
          <params>
            <param index="0">
              <value>
                <![CDATA[7203521888]]>
              </value>
            </param>
            <param index="1">
              <value>
                <![CDATA[844796]]>
              </value>
            </param>
          </params>
          <reporter-output>
          </reporter-output>
        </test-method> <!-- testLoginWithValidMobile -->
        <test-method is-config="true" signature="tearDown()[pri:0, instance:tests.LoginTest@3f1d2e23]" started-at="2025-09-21T15:12:02 IST" name="tearDown" finished-at="2025-09-21T15:12:03 IST" duration-ms="382" status="PASS">
          <reporter-output>
          </reporter-output>
        </test-method> <!-- tearDown -->
        <test-method is-config="true" signature="setup(java.lang.String)[pri:0, instance:tests.LoginTest@3f1d2e23]" started-at="2025-09-21T15:12:03 IST" name="setup" finished-at="2025-09-21T15:12:08 IST" duration-ms="5668" status="PASS">
          <params>
            <param index="0">
              <value>
                <![CDATA[chrome]]>
              </value>
            </param>
          </params>
          <reporter-output>
          </reporter-output>
        </test-method> <!-- setup -->
        <test-method is-config="true" signature="setupPagesAndSelectCity()[pri:0, instance:tests.LoginTest@3f1d2e23]" started-at="2025-09-21T15:12:08 IST" name="setupPagesAndSelectCity" finished-at="2025-09-21T15:12:20 IST" duration-ms="11594" status="PASS">
          <reporter-output>
          </reporter-output>
        </test-method> <!-- setupPagesAndSelectCity -->
        <test-method signature="testLoginWithValidMobile(java.lang.String,java.lang.String)[pri:0, instance:tests.LoginTest@3f1d2e23]" started-at="2025-09-21T15:12:20 IST" name="testLoginWithValidMobile" data-provider="loginData" finished-at="2025-09-21T15:12:23 IST" duration-ms="3360" status="PASS">
          <params>
            <param index="0">
              <value>
                <![CDATA[8055509738]]>
              </value>
            </param>
            <param index="1">
              <value>
                <![CDATA[32841]]>
              </value>
            </param>
          </params>
          <reporter-output>
          </reporter-output>
        </test-method> <!-- testLoginWithValidMobile -->
        <test-method is-config="true" signature="tearDown()[pri:0, instance:tests.LoginTest@3f1d2e23]" started-at="2025-09-21T15:12:23 IST" name="tearDown" finished-at="2025-09-21T15:12:24 IST" duration-ms="406" status="PASS">
          <reporter-output>
          </reporter-output>
        </test-method> <!-- tearDown -->
      </class> <!-- tests.LoginTest -->
      <class name="tests.CityTest">
        <test-method is-config="true" signature="setup(java.lang.String)[pri:0, instance:tests.CityTest@5e21e98f]" started-at="2025-09-21T15:12:24 IST" name="setup" finished-at="2025-09-21T15:12:29 IST" duration-ms="4890" status="PASS">
          <params>
            <param index="0">
              <value>
                <![CDATA[chrome]]>
              </value>
            </param>
          </params>
          <reporter-output>
          </reporter-output>
        </test-method> <!-- setup -->
        <test-method signature="testChangeLocation()[pri:0, instance:tests.CityTest@5e21e98f]" started-at="2025-09-21T15:12:29 IST" name="testChangeLocation" finished-at="2025-09-21T15:12:41 IST" duration-ms="12222" status="PASS">
          <reporter-output>
          </reporter-output>
        </test-method> <!-- testChangeLocation -->
        <test-method is-config="true" signature="tearDown()[pri:0, instance:tests.CityTest@5e21e98f]" started-at="2025-09-21T15:12:41 IST" name="tearDown" finished-at="2025-09-21T15:12:41 IST" duration-ms="385" status="PASS">
          <reporter-output>
          </reporter-output>
        </test-method> <!-- tearDown -->
        <test-method is-config="true" signature="setup(java.lang.String)[pri:0, instance:tests.CityTest@5e21e98f]" started-at="2025-09-21T15:12:41 IST" name="setup" finished-at="2025-09-21T15:12:46 IST" duration-ms="5049" status="PASS">
          <params>
            <param index="0">
              <value>
                <![CDATA[chrome]]>
              </value>
            </param>
          </params>
          <reporter-output>
          </reporter-output>
        </test-method> <!-- setup -->
        <test-method signature="testSearchAndSelectCity()[pri:0, instance:tests.CityTest@5e21e98f]" started-at="2025-09-21T15:12:46 IST" name="testSearchAndSelectCity" finished-at="2025-09-21T15:12:58 IST" duration-ms="11542" status="PASS">
          <reporter-output>
          </reporter-output>
        </test-method> <!-- testSearchAndSelectCity -->
        <test-method is-config="true" signature="tearDown()[pri:0, instance:tests.CityTest@5e21e98f]" started-at="2025-09-21T15:12:58 IST" name="tearDown" finished-at="2025-09-21T15:12:58 IST" duration-ms="339" status="PASS">
          <reporter-output>
          </reporter-output>
        </test-method> <!-- tearDown -->
        <test-method is-config="true" signature="setup(java.lang.String)[pri:0, instance:tests.CityTest@5e21e98f]" started-at="2025-09-21T15:12:58 IST" name="setup" finished-at="2025-09-21T15:13:03 IST" duration-ms="5253" status="PASS">
          <params>
            <param index="0">
              <value>
                <![CDATA[chrome]]>
              </value>
            </param>
          </params>
          <reporter-output>
          </reporter-output>
        </test-method> <!-- setup -->
        <test-method signature="testSelectCityByIcon()[pri:0, instance:tests.CityTest@5e21e98f]" started-at="2025-09-21T15:13:03 IST" name="testSelectCityByIcon" finished-at="2025-09-21T15:13:04 IST" duration-ms="609" status="PASS">
          <reporter-output>
          </reporter-output>
        </test-method> <!-- testSelectCityByIcon -->
        <test-method is-config="true" signature="tearDown()[pri:0, instance:tests.CityTest@5e21e98f]" started-at="2025-09-21T15:13:04 IST" name="tearDown" finished-at="2025-09-21T15:13:04 IST" duration-ms="299" status="PASS">
          <reporter-output>
          </reporter-output>
        </test-method> <!-- tearDown -->
        <test-method is-config="true" signature="setup(java.lang.String)[pri:0, instance:tests.CityTest@5e21e98f]" started-at="2025-09-21T15:13:04 IST" name="setup" finished-at="2025-09-21T15:13:06 IST" duration-ms="1350" status="PASS">
          <params>
            <param index="0">
              <value>
                <![CDATA[chrome]]>
              </value>
            </param>
          </params>
          <reporter-output>
          </reporter-output>
        </test-method> <!-- setup -->
        <test-method signature="testViewAllCities()[pri:0, instance:tests.CityTest@5e21e98f]" started-at="2025-09-21T15:13:06 IST" name="testViewAllCities" finished-at="2025-09-21T15:13:11 IST" duration-ms="5075" status="PASS">
          <reporter-output>
          </reporter-output>
        </test-method> <!-- testViewAllCities -->
        <test-method is-config="true" signature="tearDown()[pri:0, instance:tests.CityTest@5e21e98f]" started-at="2025-09-21T15:13:11 IST" name="tearDown" finished-at="2025-09-21T15:13:11 IST" duration-ms="271" status="PASS">
          <reporter-output>
          </reporter-output>
        </test-method> <!-- tearDown -->
      </class> <!-- tests.CityTest -->
      <class name="tests.MovieTest">
        <test-method is-config="true" signature="setup(java.lang.String)[pri:0, instance:tests.MovieTest@51a9ad5e]" started-at="2025-09-21T15:13:11 IST" name="setup" finished-at="2025-09-21T15:13:18 IST" duration-ms="7293" status="PASS">
          <params>
            <param index="0">
              <value>
                <![CDATA[chrome]]>
              </value>
            </param>
          </params>
          <reporter-output>
          </reporter-output>
        </test-method> <!-- setup -->
        <test-method is-config="true" signature="setupPagesAndSelectCity()[pri:0, instance:tests.MovieTest@51a9ad5e]" started-at="2025-09-21T15:13:18 IST" name="setupPagesAndSelectCity" finished-at="2025-09-21T15:13:30 IST" duration-ms="11467" status="PASS">
          <reporter-output>
          </reporter-output>
        </test-method> <!-- setupPagesAndSelectCity -->
        <test-method signature="testMovie8SelectRunningMovie()[pri:0, instance:tests.MovieTest@51a9ad5e]" started-at="2025-09-21T15:13:30 IST" name="testMovie8SelectRunningMovie" finished-at="2025-09-21T15:13:32 IST" duration-ms="2551" status="PASS">
          <reporter-output>
          </reporter-output>
        </test-method> <!-- testMovie8SelectRunningMovie -->
        <test-method is-config="true" signature="tearDown()[pri:0, instance:tests.MovieTest@51a9ad5e]" started-at="2025-09-21T15:13:32 IST" name="tearDown" finished-at="2025-09-21T15:13:33 IST" duration-ms="405" status="PASS">
          <reporter-output>
          </reporter-output>
        </test-method> <!-- tearDown -->
        <test-method is-config="true" signature="setup(java.lang.String)[pri:0, instance:tests.MovieTest@51a9ad5e]" started-at="2025-09-21T15:13:33 IST" name="setup" finished-at="2025-09-21T15:13:38 IST" duration-ms="5008" status="PASS">
          <params>
            <param index="0">
              <value>
                <![CDATA[chrome]]>
              </value>
            </param>
          </params>
          <reporter-output>
          </reporter-output>
        </test-method> <!-- setup -->
        <test-method is-config="true" signature="setupPagesAndSelectCity()[pri:0, instance:tests.MovieTest@51a9ad5e]" started-at="2025-09-21T15:13:38 IST" name="setupPagesAndSelectCity" finished-at="2025-09-21T15:13:49 IST" duration-ms="11498" status="PASS">
          <reporter-output>
          </reporter-output>
        </test-method> <!-- setupPagesAndSelectCity -->
        <test-method signature="testTopMenuNavigation()[pri:0, instance:tests.MovieTest@51a9ad5e]" started-at="2025-09-21T15:13:49 IST" name="testTopMenuNavigation" finished-at="2025-09-21T15:14:04 IST" duration-ms="15270" status="PASS">
          <reporter-output>
          </reporter-output>
        </test-method> <!-- testTopMenuNavigation -->
        <test-method is-config="true" signature="tearDown()[pri:0, instance:tests.MovieTest@51a9ad5e]" started-at="2025-09-21T15:14:04 IST" name="tearDown" finished-at="2025-09-21T15:14:05 IST" duration-ms="495" status="PASS">
          <reporter-output>
          </reporter-output>
        </test-method> <!-- tearDown -->
        <test-method is-config="true" signature="setup(java.lang.String)[pri:0, instance:tests.MovieTest@51a9ad5e]" started-at="2025-09-21T15:14:05 IST" name="setup" finished-at="2025-09-21T15:14:11 IST" duration-ms="5731" status="PASS">
          <params>
            <param index="0">
              <value>
                <![CDATA[chrome]]>
              </value>
            </param>
          </params>
          <reporter-output>
          </reporter-output>
        </test-method> <!-- setup -->
        <test-method is-config="true" signature="setupPagesAndSelectCity()[pri:0, instance:tests.MovieTest@51a9ad5e]" started-at="2025-09-21T15:14:11 IST" name="setupPagesAndSelectCity" finished-at="2025-09-21T15:14:22 IST" duration-ms="11533" status="PASS">
          <reporter-output>
          </reporter-output>
        </test-method> <!-- setupPagesAndSelectCity -->
        <test-method signature="testUpcomingAndNowShowing()[pri:0, instance:tests.MovieTest@51a9ad5e]" started-at="2025-09-21T15:14:22 IST" name="testUpcomingAndNowShowing" finished-at="2025-09-21T15:14:24 IST" duration-ms="2200" status="PASS">
          <reporter-output>
          </reporter-output>
        </test-method> <!-- testUpcomingAndNowShowing -->
        <test-method is-config="true" signature="tearDown()[pri:0, instance:tests.MovieTest@51a9ad5e]" started-at="2025-09-21T15:14:24 IST" name="tearDown" finished-at="2025-09-21T15:14:25 IST" duration-ms="459" status="PASS">
          <reporter-output>
          </reporter-output>
        </test-method> <!-- tearDown -->
      </class> <!-- tests.MovieTest -->
      <class name="tests.GiftCardTest">
        <test-method is-config="true" signature="setup(java.lang.String)[pri:0, instance:tests.GiftCardTest@72ade7e3]" started-at="2025-09-21T15:14:25 IST" name="setup" finished-at="2025-09-21T15:14:30 IST" duration-ms="5361" status="PASS">
          <params>
            <param index="0">
              <value>
                <![CDATA[chrome]]>
              </value>
            </param>
          </params>
          <reporter-output>
          </reporter-output>
        </test-method> <!-- setup -->
        <test-method is-config="true" signature="setupPagesAndSelectCity()[pri:0, instance:tests.GiftCardTest@72ade7e3]" started-at="2025-09-21T15:14:30 IST" name="setupPagesAndSelectCity" finished-at="2025-09-21T15:14:42 IST" duration-ms="11619" status="PASS">
          <reporter-output>
          </reporter-output>
        </test-method> <!-- setupPagesAndSelectCity -->
        <test-method signature="testGiftCardSection()[pri:0, instance:tests.GiftCardTest@72ade7e3]" started-at="2025-09-21T15:14:42 IST" name="testGiftCardSection" finished-at="2025-09-21T15:14:42 IST" duration-ms="589" status="PASS">
          <reporter-output>
          </reporter-output>
        </test-method> <!-- testGiftCardSection -->
        <test-method is-config="true" signature="tearDown()[pri:0, instance:tests.GiftCardTest@72ade7e3]" started-at="2025-09-21T15:14:42 IST" name="tearDown" finished-at="2025-09-21T15:14:43 IST" duration-ms="388" status="PASS">
          <reporter-output>
          </reporter-output>
        </test-method> <!-- tearDown -->
        <test-method is-config="true" signature="setup(java.lang.String)[pri:0, instance:tests.GiftCardTest@72ade7e3]" started-at="2025-09-21T15:14:43 IST" name="setup" finished-at="2025-09-21T15:14:48 IST" duration-ms="5061" status="PASS">
          <params>
            <param index="0">
              <value>
                <![CDATA[chrome]]>
              </value>
            </param>
          </params>
          <reporter-output>
          </reporter-output>
        </test-method> <!-- setup -->
        <test-method is-config="true" signature="setupPagesAndSelectCity()[pri:0, instance:tests.GiftCardTest@72ade7e3]" started-at="2025-09-21T15:14:48 IST" name="setupPagesAndSelectCity" finished-at="2025-09-21T15:15:00 IST" duration-ms="11571" status="PASS">
          <reporter-output>
          </reporter-output>
        </test-method> <!-- setupPagesAndSelectCity -->
        <test-method signature="testInvalidGiftVoucher()[pri:0, instance:tests.GiftCardTest@72ade7e3]" started-at="2025-09-21T15:15:00 IST" name="testInvalidGiftVoucher" finished-at="2025-09-21T15:15:01 IST" duration-ms="1478" status="PASS">
          <reporter-output>
          </reporter-output>
        </test-method> <!-- testInvalidGiftVoucher -->
        <test-method is-config="true" signature="tearDown()[pri:0, instance:tests.GiftCardTest@72ade7e3]" started-at="2025-09-21T15:15:01 IST" name="tearDown" finished-at="2025-09-21T15:15:01 IST" duration-ms="284" status="PASS">
          <reporter-output>
          </reporter-output>
        </test-method> <!-- tearDown -->
      </class> <!-- tests.GiftCardTest -->
    </test> <!-- Chrome Tests -->
  </suite> <!-- Regression Suite -->
</testng-results>
