<?xml version="1.0" encoding="UTF-8"?>
<testng-results ignored="0" total="36" passed="36" failed="0" skipped="0">
  <reporter-output>
  </reporter-output>
  <suite started-at="2025-09-11T20:40:48 IST" name="Regression Suite" finished-at="2025-09-11T20:46:15 IST" duration-ms="327141">
    <groups>
    </groups>
    <test started-at="2025-09-11T20:40:48 IST" name="Chrome Tests" finished-at="2025-09-11T20:44:46 IST" duration-ms="237303">
      <class name="tests.LoginTest">
        <test-method is-config="true" signature="setup(java.lang.String)[pri:0, instance:tests.LoginTest@489115ef]" started-at="2025-09-11T20:40:48 IST" name="setup" finished-at="2025-09-11T20:40:56 IST" duration-ms="7498" status="PASS">
          <params>
            <param index="0">
              <value>
                <![CDATA[chrome]]>
              </value>
            </param>
          </params>
          <reporter-output>
          </reporter-output>
        </test-method> <!-- setup -->
        <test-method is-config="true" signature="setupPagesAndSelectCity()[pri:0, instance:tests.LoginTest@489115ef]" started-at="2025-09-11T20:40:56 IST" name="setupPagesAndSelectCity" finished-at="2025-09-11T20:41:08 IST" duration-ms="11746" status="PASS">
          <reporter-output>
          </reporter-output>
        </test-method> <!-- setupPagesAndSelectCity -->
        <test-method signature="testLoginUIElements()[pri:0, instance:tests.LoginTest@489115ef]" started-at="2025-09-11T20:41:08 IST" name="testLoginUIElements" finished-at="2025-09-11T20:41:10 IST" duration-ms="2078" status="PASS">
          <reporter-output>
          </reporter-output>
        </test-method> <!-- testLoginUIElements -->
        <test-method is-config="true" signature="tearDown()[pri:0, instance:tests.LoginTest@489115ef]" started-at="2025-09-11T20:41:10 IST" name="tearDown" finished-at="2025-09-11T20:41:10 IST" duration-ms="403" status="PASS">
          <reporter-output>
          </reporter-output>
        </test-method> <!-- tearDown -->
        <test-method is-config="true" signature="setup(java.lang.String)[pri:0, instance:tests.LoginTest@489115ef]" started-at="2025-09-11T20:41:10 IST" name="setup" finished-at="2025-09-11T20:41:16 IST" duration-ms="6173" status="PASS">
          <params>
            <param index="0">
              <value>
                <![CDATA[chrome]]>
              </value>
            </param>
          </params>
          <reporter-output>
          </reporter-output>
        </test-method> <!-- setup -->
        <test-method is-config="true" signature="setupPagesAndSelectCity()[pri:0, instance:tests.LoginTest@489115ef]" started-at="2025-09-11T20:41:16 IST" name="setupPagesAndSelectCity" finished-at="2025-09-11T20:41:28 IST" duration-ms="11590" status="PASS">
          <reporter-output>
          </reporter-output>
        </test-method> <!-- setupPagesAndSelectCity -->
        <test-method signature="testLoginWithInvalidMobile()[pri:0, instance:tests.LoginTest@489115ef]" started-at="2025-09-11T20:41:28 IST" name="testLoginWithInvalidMobile" finished-at="2025-09-11T20:41:30 IST" duration-ms="1884" status="PASS">
          <reporter-output>
          </reporter-output>
        </test-method> <!-- testLoginWithInvalidMobile -->
        <test-method is-config="true" signature="tearDown()[pri:0, instance:tests.LoginTest@489115ef]" started-at="2025-09-11T20:41:30 IST" name="tearDown" finished-at="2025-09-11T20:41:30 IST" duration-ms="474" status="PASS">
          <reporter-output>
          </reporter-output>
        </test-method> <!-- tearDown -->
        <test-method is-config="true" signature="setup(java.lang.String)[pri:0, instance:tests.LoginTest@489115ef]" started-at="2025-09-11T20:41:30 IST" name="setup" finished-at="2025-09-11T20:41:37 IST" duration-ms="7304" status="PASS">
          <params>
            <param index="0">
              <value>
                <![CDATA[chrome]]>
              </value>
            </param>
          </params>
          <reporter-output>
          </reporter-output>
        </test-method> <!-- setup -->
        <test-method is-config="true" signature="setupPagesAndSelectCity()[pri:0, instance:tests.LoginTest@489115ef]" started-at="2025-09-11T20:41:37 IST" name="setupPagesAndSelectCity" finished-at="2025-09-11T20:41:49 IST" duration-ms="11549" status="PASS">
          <reporter-output>
          </reporter-output>
        </test-method> <!-- setupPagesAndSelectCity -->
        <test-method signature="testLoginWithValidMobile()[pri:0, instance:tests.LoginTest@489115ef]" started-at="2025-09-11T20:41:49 IST" name="testLoginWithValidMobile" finished-at="2025-09-11T20:41:51 IST" duration-ms="2177" status="PASS">
          <reporter-output>
          </reporter-output>
        </test-method> <!-- testLoginWithValidMobile -->
        <test-method is-config="true" signature="tearDown()[pri:0, instance:tests.LoginTest@489115ef]" started-at="2025-09-11T20:41:51 IST" name="tearDown" finished-at="2025-09-11T20:41:52 IST" duration-ms="351" status="PASS">
          <reporter-output>
          </reporter-output>
        </test-method> <!-- tearDown -->
      </class> <!-- tests.LoginTest -->
      <class name="tests.CityTest">
        <test-method is-config="true" signature="setup(java.lang.String)[pri:0, instance:tests.CityTest@6a2f6f80]" started-at="2025-09-11T20:41:52 IST" name="setup" finished-at="2025-09-11T20:42:00 IST" duration-ms="8153" status="PASS">
          <params>
            <param index="0">
              <value>
                <![CDATA[chrome]]>
              </value>
            </param>
          </params>
          <reporter-output>
          </reporter-output>
        </test-method> <!-- setup -->
        <test-method signature="testChangeLocation()[pri:0, instance:tests.CityTest@6a2f6f80]" started-at="2025-09-11T20:42:00 IST" name="testChangeLocation" finished-at="2025-09-11T20:42:12 IST" duration-ms="12197" status="PASS">
          <reporter-output>
          </reporter-output>
        </test-method> <!-- testChangeLocation -->
        <test-method is-config="true" signature="tearDown()[pri:0, instance:tests.CityTest@6a2f6f80]" started-at="2025-09-11T20:42:12 IST" name="tearDown" finished-at="2025-09-11T20:42:12 IST" duration-ms="482" status="PASS">
          <reporter-output>
          </reporter-output>
        </test-method> <!-- tearDown -->
        <test-method is-config="true" signature="setup(java.lang.String)[pri:0, instance:tests.CityTest@6a2f6f80]" started-at="2025-09-11T20:42:12 IST" name="setup" finished-at="2025-09-11T20:42:15 IST" duration-ms="2151" status="PASS">
          <params>
            <param index="0">
              <value>
                <![CDATA[chrome]]>
              </value>
            </param>
          </params>
          <reporter-output>
          </reporter-output>
        </test-method> <!-- setup -->
        <test-method signature="testSearchAndSelectCity()[pri:0, instance:tests.CityTest@6a2f6f80]" started-at="2025-09-11T20:42:15 IST" name="testSearchAndSelectCity" finished-at="2025-09-11T20:42:31 IST" duration-ms="16142" status="PASS">
          <reporter-output>
          </reporter-output>
        </test-method> <!-- testSearchAndSelectCity -->
        <test-method is-config="true" signature="tearDown()[pri:0, instance:tests.CityTest@6a2f6f80]" started-at="2025-09-11T20:42:31 IST" name="tearDown" finished-at="2025-09-11T20:42:31 IST" duration-ms="438" status="PASS">
          <reporter-output>
          </reporter-output>
        </test-method> <!-- tearDown -->
        <test-method is-config="true" signature="setup(java.lang.String)[pri:0, instance:tests.CityTest@6a2f6f80]" started-at="2025-09-11T20:42:31 IST" name="setup" finished-at="2025-09-11T20:42:37 IST" duration-ms="6347" status="PASS">
          <params>
            <param index="0">
              <value>
                <![CDATA[chrome]]>
              </value>
            </param>
          </params>
          <reporter-output>
          </reporter-output>
        </test-method> <!-- setup -->
        <test-method signature="testSelectCityByIcon()[pri:0, instance:tests.CityTest@6a2f6f80]" started-at="2025-09-11T20:42:37 IST" name="testSelectCityByIcon" finished-at="2025-09-11T20:42:38 IST" duration-ms="654" status="PASS">
          <reporter-output>
          </reporter-output>
        </test-method> <!-- testSelectCityByIcon -->
        <test-method is-config="true" signature="tearDown()[pri:0, instance:tests.CityTest@6a2f6f80]" started-at="2025-09-11T20:42:38 IST" name="tearDown" finished-at="2025-09-11T20:42:38 IST" duration-ms="318" status="PASS">
          <reporter-output>
          </reporter-output>
        </test-method> <!-- tearDown -->
        <test-method is-config="true" signature="setup(java.lang.String)[pri:0, instance:tests.CityTest@6a2f6f80]" started-at="2025-09-11T20:42:38 IST" name="setup" finished-at="2025-09-11T20:42:45 IST" duration-ms="6342" status="PASS">
          <params>
            <param index="0">
              <value>
                <![CDATA[chrome]]>
              </value>
            </param>
          </params>
          <reporter-output>
          </reporter-output>
        </test-method> <!-- setup -->
        <test-method signature="testViewAllCities()[pri:0, instance:tests.CityTest@6a2f6f80]" started-at="2025-09-11T20:42:45 IST" name="testViewAllCities" finished-at="2025-09-11T20:42:46 IST" duration-ms="1428" status="PASS">
          <reporter-output>
          </reporter-output>
        </test-method> <!-- testViewAllCities -->
        <test-method is-config="true" signature="tearDown()[pri:0, instance:tests.CityTest@6a2f6f80]" started-at="2025-09-11T20:42:46 IST" name="tearDown" finished-at="2025-09-11T20:42:47 IST" duration-ms="267" status="PASS">
          <reporter-output>
          </reporter-output>
        </test-method> <!-- tearDown -->
      </class> <!-- tests.CityTest -->
      <class name="tests.MovieTest">
        <test-method is-config="true" signature="setup(java.lang.String)[pri:0, instance:tests.MovieTest@45b4c3a9]" started-at="2025-09-11T20:42:47 IST" name="setup" finished-at="2025-09-11T20:42:53 IST" duration-ms="6483" status="PASS">
          <params>
            <param index="0">
              <value>
                <![CDATA[chrome]]>
              </value>
            </param>
          </params>
          <reporter-output>
          </reporter-output>
        </test-method> <!-- setup -->
        <test-method is-config="true" signature="setupPagesAndSelectCity()[pri:0, instance:tests.MovieTest@45b4c3a9]" started-at="2025-09-11T20:42:53 IST" name="setupPagesAndSelectCity" finished-at="2025-09-11T20:43:05 IST" duration-ms="11663" status="PASS">
          <reporter-output>
          </reporter-output>
        </test-method> <!-- setupPagesAndSelectCity -->
        <test-method signature="testMovie8SelectRunningMovie()[pri:0, instance:tests.MovieTest@45b4c3a9]" started-at="2025-09-11T20:43:05 IST" name="testMovie8SelectRunningMovie" finished-at="2025-09-11T20:43:07 IST" duration-ms="2487" status="PASS">
          <reporter-output>
          </reporter-output>
        </test-method> <!-- testMovie8SelectRunningMovie -->
        <test-method is-config="true" signature="tearDown()[pri:0, instance:tests.MovieTest@45b4c3a9]" started-at="2025-09-11T20:43:07 IST" name="tearDown" finished-at="2025-09-11T20:43:07 IST" duration-ms="333" status="PASS">
          <reporter-output>
          </reporter-output>
        </test-method> <!-- tearDown -->
        <test-method is-config="true" signature="setup(java.lang.String)[pri:0, instance:tests.MovieTest@45b4c3a9]" started-at="2025-09-11T20:43:07 IST" name="setup" finished-at="2025-09-11T20:43:13 IST" duration-ms="5932" status="PASS">
          <params>
            <param index="0">
              <value>
                <![CDATA[chrome]]>
              </value>
            </param>
          </params>
          <reporter-output>
          </reporter-output>
        </test-method> <!-- setup -->
        <test-method is-config="true" signature="setupPagesAndSelectCity()[pri:0, instance:tests.MovieTest@45b4c3a9]" started-at="2025-09-11T20:43:13 IST" name="setupPagesAndSelectCity" finished-at="2025-09-11T20:43:25 IST" duration-ms="11910" status="PASS">
          <reporter-output>
          </reporter-output>
        </test-method> <!-- setupPagesAndSelectCity -->
        <test-method signature="testTopMenuNavigation()[pri:0, instance:tests.MovieTest@45b4c3a9]" started-at="2025-09-11T20:43:25 IST" name="testTopMenuNavigation" finished-at="2025-09-11T20:43:42 IST" duration-ms="16921" status="PASS">
          <reporter-output>
          </reporter-output>
        </test-method> <!-- testTopMenuNavigation -->
        <test-method is-config="true" signature="tearDown()[pri:0, instance:tests.MovieTest@45b4c3a9]" started-at="2025-09-11T20:43:42 IST" name="tearDown" finished-at="2025-09-11T20:43:43 IST" duration-ms="924" status="PASS">
          <reporter-output>
          </reporter-output>
        </test-method> <!-- tearDown -->
        <test-method is-config="true" signature="setup(java.lang.String)[pri:0, instance:tests.MovieTest@45b4c3a9]" started-at="2025-09-11T20:43:43 IST" name="setup" finished-at="2025-09-11T20:43:52 IST" duration-ms="8536" status="PASS">
          <params>
            <param index="0">
              <value>
                <![CDATA[chrome]]>
              </value>
            </param>
          </params>
          <reporter-output>
          </reporter-output>
        </test-method> <!-- setup -->
        <test-method is-config="true" signature="setupPagesAndSelectCity()[pri:0, instance:tests.MovieTest@45b4c3a9]" started-at="2025-09-11T20:43:52 IST" name="setupPagesAndSelectCity" finished-at="2025-09-11T20:44:03 IST" duration-ms="11658" status="PASS">
          <reporter-output>
          </reporter-output>
        </test-method> <!-- setupPagesAndSelectCity -->
        <test-method signature="testUpcomingAndNowShowing()[pri:0, instance:tests.MovieTest@45b4c3a9]" started-at="2025-09-11T20:44:03 IST" name="testUpcomingAndNowShowing" finished-at="2025-09-11T20:44:05 IST" duration-ms="1925" status="PASS">
          <reporter-output>
          </reporter-output>
        </test-method> <!-- testUpcomingAndNowShowing -->
        <test-method is-config="true" signature="tearDown()[pri:0, instance:tests.MovieTest@45b4c3a9]" started-at="2025-09-11T20:44:05 IST" name="tearDown" finished-at="2025-09-11T20:44:06 IST" duration-ms="384" status="PASS">
          <reporter-output>
          </reporter-output>
        </test-method> <!-- tearDown -->
      </class> <!-- tests.MovieTest -->
      <class name="tests.GiftCardTest">
        <test-method is-config="true" signature="setup(java.lang.String)[pri:0, instance:tests.GiftCardTest@291caca8]" started-at="2025-09-11T20:44:06 IST" name="setup" finished-at="2025-09-11T20:44:12 IST" duration-ms="6275" status="PASS">
          <params>
            <param index="0">
              <value>
                <![CDATA[chrome]]>
              </value>
            </param>
          </params>
          <reporter-output>
          </reporter-output>
        </test-method> <!-- setup -->
        <test-method is-config="true" signature="setupPagesAndSelectCity()[pri:0, instance:tests.GiftCardTest@291caca8]" started-at="2025-09-11T20:44:12 IST" name="setupPagesAndSelectCity" finished-at="2025-09-11T20:44:24 IST" duration-ms="11614" status="PASS">
          <reporter-output>
          </reporter-output>
        </test-method> <!-- setupPagesAndSelectCity -->
        <test-method signature="testGiftCardSection()[pri:0, instance:tests.GiftCardTest@291caca8]" started-at="2025-09-11T20:44:24 IST" name="testGiftCardSection" finished-at="2025-09-11T20:44:24 IST" duration-ms="451" status="PASS">
          <reporter-output>
          </reporter-output>
        </test-method> <!-- testGiftCardSection -->
        <test-method is-config="true" signature="tearDown()[pri:0, instance:tests.GiftCardTest@291caca8]" started-at="2025-09-11T20:44:24 IST" name="tearDown" finished-at="2025-09-11T20:44:24 IST" duration-ms="408" status="PASS">
          <reporter-output>
          </reporter-output>
        </test-method> <!-- tearDown -->
        <test-method is-config="true" signature="setup(java.lang.String)[pri:0, instance:tests.GiftCardTest@291caca8]" started-at="2025-09-11T20:44:24 IST" name="setup" finished-at="2025-09-11T20:44:32 IST" duration-ms="7702" status="PASS">
          <params>
            <param index="0">
              <value>
                <![CDATA[chrome]]>
              </value>
            </param>
          </params>
          <reporter-output>
          </reporter-output>
        </test-method> <!-- setup -->
        <test-method is-config="true" signature="setupPagesAndSelectCity()[pri:0, instance:tests.GiftCardTest@291caca8]" started-at="2025-09-11T20:44:32 IST" name="setupPagesAndSelectCity" finished-at="2025-09-11T20:44:44 IST" duration-ms="11460" status="PASS">
          <reporter-output>
          </reporter-output>
        </test-method> <!-- setupPagesAndSelectCity -->
        <test-method signature="testInvalidGiftVoucher()[pri:0, instance:tests.GiftCardTest@291caca8]" started-at="2025-09-11T20:44:44 IST" name="testInvalidGiftVoucher" finished-at="2025-09-11T20:44:45 IST" duration-ms="1623" status="PASS">
          <reporter-output>
          </reporter-output>
        </test-method> <!-- testInvalidGiftVoucher -->
        <test-method is-config="true" signature="tearDown()[pri:0, instance:tests.GiftCardTest@291caca8]" started-at="2025-09-11T20:44:45 IST" name="tearDown" finished-at="2025-09-11T20:44:46 IST" duration-ms="307" status="PASS">
          <reporter-output>
          </reporter-output>
        </test-method> <!-- tearDown -->
      </class> <!-- tests.GiftCardTest -->
    </test> <!-- Chrome Tests -->
    <test started-at="2025-09-11T20:40:48 IST" name="Edge Tests" finished-at="2025-09-11T20:44:52 IST" duration-ms="243306">
      <class name="tests.LoginTest">
        <test-method is-config="true" signature="setup(java.lang.String)[pri:0, instance:tests.LoginTest@7a3793c7]" started-at="2025-09-11T20:40:48 IST" name="setup" finished-at="2025-09-11T20:40:51 IST" duration-ms="3173" status="PASS">
          <params>
            <param index="0">
              <value>
                <![CDATA[edge]]>
              </value>
            </param>
          </params>
          <reporter-output>
          </reporter-output>
        </test-method> <!-- setup -->
        <test-method is-config="true" signature="setupPagesAndSelectCity()[pri:0, instance:tests.LoginTest@7a3793c7]" started-at="2025-09-11T20:40:52 IST" name="setupPagesAndSelectCity" finished-at="2025-09-11T20:41:08 IST" duration-ms="16136" status="PASS">
          <reporter-output>
          </reporter-output>
        </test-method> <!-- setupPagesAndSelectCity -->
        <test-method signature="testLoginUIElements()[pri:0, instance:tests.LoginTest@7a3793c7]" started-at="2025-09-11T20:41:08 IST" name="testLoginUIElements" finished-at="2025-09-11T20:41:10 IST" duration-ms="2052" status="PASS">
          <reporter-output>
          </reporter-output>
        </test-method> <!-- testLoginUIElements -->
        <test-method is-config="true" signature="tearDown()[pri:0, instance:tests.LoginTest@7a3793c7]" started-at="2025-09-11T20:41:10 IST" name="tearDown" finished-at="2025-09-11T20:41:10 IST" duration-ms="439" status="PASS">
          <reporter-output>
          </reporter-output>
        </test-method> <!-- tearDown -->
        <test-method is-config="true" signature="setup(java.lang.String)[pri:0, instance:tests.LoginTest@7a3793c7]" started-at="2025-09-11T20:41:10 IST" name="setup" finished-at="2025-09-11T20:41:16 IST" duration-ms="6335" status="PASS">
          <params>
            <param index="0">
              <value>
                <![CDATA[edge]]>
              </value>
            </param>
          </params>
          <reporter-output>
          </reporter-output>
        </test-method> <!-- setup -->
        <test-method is-config="true" signature="setupPagesAndSelectCity()[pri:0, instance:tests.LoginTest@7a3793c7]" started-at="2025-09-11T20:41:16 IST" name="setupPagesAndSelectCity" finished-at="2025-09-11T20:41:28 IST" duration-ms="11618" status="PASS">
          <reporter-output>
          </reporter-output>
        </test-method> <!-- setupPagesAndSelectCity -->
        <test-method signature="testLoginWithInvalidMobile()[pri:0, instance:tests.LoginTest@7a3793c7]" started-at="2025-09-11T20:41:28 IST" name="testLoginWithInvalidMobile" finished-at="2025-09-11T20:41:30 IST" duration-ms="1915" status="PASS">
          <reporter-output>
          </reporter-output>
        </test-method> <!-- testLoginWithInvalidMobile -->
        <test-method is-config="true" signature="tearDown()[pri:0, instance:tests.LoginTest@7a3793c7]" started-at="2025-09-11T20:41:30 IST" name="tearDown" finished-at="2025-09-11T20:41:31 IST" duration-ms="521" status="PASS">
          <reporter-output>
          </reporter-output>
        </test-method> <!-- tearDown -->
        <test-method is-config="true" signature="setup(java.lang.String)[pri:0, instance:tests.LoginTest@7a3793c7]" started-at="2025-09-11T20:41:31 IST" name="setup" finished-at="2025-09-11T20:41:37 IST" duration-ms="6811" status="PASS">
          <params>
            <param index="0">
              <value>
                <![CDATA[edge]]>
              </value>
            </param>
          </params>
          <reporter-output>
          </reporter-output>
        </test-method> <!-- setup -->
        <test-method is-config="true" signature="setupPagesAndSelectCity()[pri:0, instance:tests.LoginTest@7a3793c7]" started-at="2025-09-11T20:41:37 IST" name="setupPagesAndSelectCity" finished-at="2025-09-11T20:41:49 IST" duration-ms="11507" status="PASS">
          <reporter-output>
          </reporter-output>
        </test-method> <!-- setupPagesAndSelectCity -->
        <test-method signature="testLoginWithValidMobile()[pri:0, instance:tests.LoginTest@7a3793c7]" started-at="2025-09-11T20:41:49 IST" name="testLoginWithValidMobile" finished-at="2025-09-11T20:41:51 IST" duration-ms="2066" status="PASS">
          <reporter-output>
          </reporter-output>
        </test-method> <!-- testLoginWithValidMobile -->
        <test-method is-config="true" signature="tearDown()[pri:0, instance:tests.LoginTest@7a3793c7]" started-at="2025-09-11T20:41:51 IST" name="tearDown" finished-at="2025-09-11T20:41:51 IST" duration-ms="419" status="PASS">
          <reporter-output>
          </reporter-output>
        </test-method> <!-- tearDown -->
      </class> <!-- tests.LoginTest -->
      <class name="tests.CityTest">
        <test-method is-config="true" signature="setup(java.lang.String)[pri:0, instance:tests.CityTest@42b3b079]" started-at="2025-09-11T20:41:51 IST" name="setup" finished-at="2025-09-11T20:41:55 IST" duration-ms="3644" status="PASS">
          <params>
            <param index="0">
              <value>
                <![CDATA[edge]]>
              </value>
            </param>
          </params>
          <reporter-output>
          </reporter-output>
        </test-method> <!-- setup -->
        <test-method signature="testChangeLocation()[pri:0, instance:tests.CityTest@42b3b079]" started-at="2025-09-11T20:41:55 IST" name="testChangeLocation" finished-at="2025-09-11T20:42:13 IST" duration-ms="17756" status="PASS">
          <reporter-output>
          </reporter-output>
        </test-method> <!-- testChangeLocation -->
        <test-method is-config="true" signature="tearDown()[pri:0, instance:tests.CityTest@42b3b079]" started-at="2025-09-11T20:42:13 IST" name="tearDown" finished-at="2025-09-11T20:42:13 IST" duration-ms="469" status="PASS">
          <reporter-output>
          </reporter-output>
        </test-method> <!-- tearDown -->
        <test-method is-config="true" signature="setup(java.lang.String)[pri:0, instance:tests.CityTest@42b3b079]" started-at="2025-09-11T20:42:13 IST" name="setup" finished-at="2025-09-11T20:42:20 IST" duration-ms="6830" status="PASS">
          <params>
            <param index="0">
              <value>
                <![CDATA[edge]]>
              </value>
            </param>
          </params>
          <reporter-output>
          </reporter-output>
        </test-method> <!-- setup -->
        <test-method signature="testSearchAndSelectCity()[pri:0, instance:tests.CityTest@42b3b079]" started-at="2025-09-11T20:42:20 IST" name="testSearchAndSelectCity" finished-at="2025-09-11T20:42:32 IST" duration-ms="11564" status="PASS">
          <reporter-output>
          </reporter-output>
        </test-method> <!-- testSearchAndSelectCity -->
        <test-method is-config="true" signature="tearDown()[pri:0, instance:tests.CityTest@42b3b079]" started-at="2025-09-11T20:42:32 IST" name="tearDown" finished-at="2025-09-11T20:42:32 IST" duration-ms="411" status="PASS">
          <reporter-output>
          </reporter-output>
        </test-method> <!-- tearDown -->
        <test-method is-config="true" signature="setup(java.lang.String)[pri:0, instance:tests.CityTest@42b3b079]" started-at="2025-09-11T20:42:32 IST" name="setup" finished-at="2025-09-11T20:42:39 IST" duration-ms="7170" status="PASS">
          <params>
            <param index="0">
              <value>
                <![CDATA[edge]]>
              </value>
            </param>
          </params>
          <reporter-output>
          </reporter-output>
        </test-method> <!-- setup -->
        <test-method signature="testSelectCityByIcon()[pri:0, instance:tests.CityTest@42b3b079]" started-at="2025-09-11T20:42:39 IST" name="testSelectCityByIcon" finished-at="2025-09-11T20:42:40 IST" duration-ms="835" status="PASS">
          <reporter-output>
          </reporter-output>
        </test-method> <!-- testSelectCityByIcon -->
        <test-method is-config="true" signature="tearDown()[pri:0, instance:tests.CityTest@42b3b079]" started-at="2025-09-11T20:42:40 IST" name="tearDown" finished-at="2025-09-11T20:42:40 IST" duration-ms="367" status="PASS">
          <reporter-output>
          </reporter-output>
        </test-method> <!-- tearDown -->
        <test-method is-config="true" signature="setup(java.lang.String)[pri:0, instance:tests.CityTest@42b3b079]" started-at="2025-09-11T20:42:40 IST" name="setup" finished-at="2025-09-11T20:42:47 IST" duration-ms="6552" status="PASS">
          <params>
            <param index="0">
              <value>
                <![CDATA[edge]]>
              </value>
            </param>
          </params>
          <reporter-output>
          </reporter-output>
        </test-method> <!-- setup -->
        <test-method signature="testViewAllCities()[pri:0, instance:tests.CityTest@42b3b079]" started-at="2025-09-11T20:42:47 IST" name="testViewAllCities" finished-at="2025-09-11T20:42:49 IST" duration-ms="1706" status="PASS">
          <reporter-output>
          </reporter-output>
        </test-method> <!-- testViewAllCities -->
        <test-method is-config="true" signature="tearDown()[pri:0, instance:tests.CityTest@42b3b079]" started-at="2025-09-11T20:42:49 IST" name="tearDown" finished-at="2025-09-11T20:42:49 IST" duration-ms="503" status="PASS">
          <reporter-output>
          </reporter-output>
        </test-method> <!-- tearDown -->
      </class> <!-- tests.CityTest -->
      <class name="tests.MovieTest">
        <test-method is-config="true" signature="setup(java.lang.String)[pri:0, instance:tests.MovieTest@651aed93]" started-at="2025-09-11T20:42:49 IST" name="setup" finished-at="2025-09-11T20:42:56 IST" duration-ms="6626" status="PASS">
          <params>
            <param index="0">
              <value>
                <![CDATA[edge]]>
              </value>
            </param>
          </params>
          <reporter-output>
          </reporter-output>
        </test-method> <!-- setup -->
        <test-method is-config="true" signature="setupPagesAndSelectCity()[pri:0, instance:tests.MovieTest@651aed93]" started-at="2025-09-11T20:42:56 IST" name="setupPagesAndSelectCity" finished-at="2025-09-11T20:43:07 IST" duration-ms="11618" status="PASS">
          <reporter-output>
          </reporter-output>
        </test-method> <!-- setupPagesAndSelectCity -->
        <test-method signature="testMovie8SelectRunningMovie()[pri:0, instance:tests.MovieTest@651aed93]" started-at="2025-09-11T20:43:07 IST" name="testMovie8SelectRunningMovie" finished-at="2025-09-11T20:43:10 IST" duration-ms="2476" status="PASS">
          <reporter-output>
          </reporter-output>
        </test-method> <!-- testMovie8SelectRunningMovie -->
        <test-method is-config="true" signature="tearDown()[pri:0, instance:tests.MovieTest@651aed93]" started-at="2025-09-11T20:43:10 IST" name="tearDown" finished-at="2025-09-11T20:43:10 IST" duration-ms="430" status="PASS">
          <reporter-output>
          </reporter-output>
        </test-method> <!-- tearDown -->
        <test-method is-config="true" signature="setup(java.lang.String)[pri:0, instance:tests.MovieTest@651aed93]" started-at="2025-09-11T20:43:10 IST" name="setup" finished-at="2025-09-11T20:43:16 IST" duration-ms="5750" status="PASS">
          <params>
            <param index="0">
              <value>
                <![CDATA[edge]]>
              </value>
            </param>
          </params>
          <reporter-output>
          </reporter-output>
        </test-method> <!-- setup -->
        <test-method is-config="true" signature="setupPagesAndSelectCity()[pri:0, instance:tests.MovieTest@651aed93]" started-at="2025-09-11T20:43:16 IST" name="setupPagesAndSelectCity" finished-at="2025-09-11T20:43:28 IST" duration-ms="11528" status="PASS">
          <reporter-output>
          </reporter-output>
        </test-method> <!-- setupPagesAndSelectCity -->
        <test-method signature="testTopMenuNavigation()[pri:0, instance:tests.MovieTest@651aed93]" started-at="2025-09-11T20:43:28 IST" name="testTopMenuNavigation" finished-at="2025-09-11T20:43:45 IST" duration-ms="17730" status="PASS">
          <reporter-output>
          </reporter-output>
        </test-method> <!-- testTopMenuNavigation -->
        <test-method is-config="true" signature="tearDown()[pri:0, instance:tests.MovieTest@651aed93]" started-at="2025-09-11T20:43:45 IST" name="tearDown" finished-at="2025-09-11T20:43:46 IST" duration-ms="781" status="PASS">
          <reporter-output>
          </reporter-output>
        </test-method> <!-- tearDown -->
        <test-method is-config="true" signature="setup(java.lang.String)[pri:0, instance:tests.MovieTest@651aed93]" started-at="2025-09-11T20:43:46 IST" name="setup" finished-at="2025-09-11T20:43:55 IST" duration-ms="8825" status="PASS">
          <params>
            <param index="0">
              <value>
                <![CDATA[edge]]>
              </value>
            </param>
          </params>
          <reporter-output>
          </reporter-output>
        </test-method> <!-- setup -->
        <test-method is-config="true" signature="setupPagesAndSelectCity()[pri:0, instance:tests.MovieTest@651aed93]" started-at="2025-09-11T20:43:55 IST" name="setupPagesAndSelectCity" finished-at="2025-09-11T20:44:07 IST" duration-ms="11575" status="PASS">
          <reporter-output>
          </reporter-output>
        </test-method> <!-- setupPagesAndSelectCity -->
        <test-method signature="testUpcomingAndNowShowing()[pri:0, instance:tests.MovieTest@651aed93]" started-at="2025-09-11T20:44:07 IST" name="testUpcomingAndNowShowing" finished-at="2025-09-11T20:44:09 IST" duration-ms="2405" status="PASS">
          <reporter-output>
          </reporter-output>
        </test-method> <!-- testUpcomingAndNowShowing -->
        <test-method is-config="true" signature="tearDown()[pri:0, instance:tests.MovieTest@651aed93]" started-at="2025-09-11T20:44:09 IST" name="tearDown" finished-at="2025-09-11T20:44:09 IST" duration-ms="455" status="PASS">
          <reporter-output>
          </reporter-output>
        </test-method> <!-- tearDown -->
      </class> <!-- tests.MovieTest -->
      <class name="tests.GiftCardTest">
        <test-method is-config="true" signature="setup(java.lang.String)[pri:0, instance:tests.GiftCardTest@4dd6fd0a]" started-at="2025-09-11T20:44:09 IST" name="setup" finished-at="2025-09-11T20:44:16 IST" duration-ms="6223" status="PASS">
          <params>
            <param index="0">
              <value>
                <![CDATA[edge]]>
              </value>
            </param>
          </params>
          <reporter-output>
          </reporter-output>
        </test-method> <!-- setup -->
        <test-method is-config="true" signature="setupPagesAndSelectCity()[pri:0, instance:tests.GiftCardTest@4dd6fd0a]" started-at="2025-09-11T20:44:16 IST" name="setupPagesAndSelectCity" finished-at="2025-09-11T20:44:27 IST" duration-ms="11730" status="PASS">
          <reporter-output>
          </reporter-output>
        </test-method> <!-- setupPagesAndSelectCity -->
        <test-method signature="testGiftCardSection()[pri:0, instance:tests.GiftCardTest@4dd6fd0a]" started-at="2025-09-11T20:44:27 IST" name="testGiftCardSection" finished-at="2025-09-11T20:44:28 IST" duration-ms="631" status="PASS">
          <reporter-output>
          </reporter-output>
        </test-method> <!-- testGiftCardSection -->
        <test-method is-config="true" signature="tearDown()[pri:0, instance:tests.GiftCardTest@4dd6fd0a]" started-at="2025-09-11T20:44:28 IST" name="tearDown" finished-at="2025-09-11T20:44:29 IST" duration-ms="847" status="PASS">
          <reporter-output>
          </reporter-output>
        </test-method> <!-- tearDown -->
        <test-method is-config="true" signature="setup(java.lang.String)[pri:0, instance:tests.GiftCardTest@4dd6fd0a]" started-at="2025-09-11T20:44:29 IST" name="setup" finished-at="2025-09-11T20:44:38 IST" duration-ms="8947" status="PASS">
          <params>
            <param index="0">
              <value>
                <![CDATA[edge]]>
              </value>
            </param>
          </params>
          <reporter-output>
          </reporter-output>
        </test-method> <!-- setup -->
        <test-method is-config="true" signature="setupPagesAndSelectCity()[pri:0, instance:tests.GiftCardTest@4dd6fd0a]" started-at="2025-09-11T20:44:38 IST" name="setupPagesAndSelectCity" finished-at="2025-09-11T20:44:49 IST" duration-ms="11470" status="PASS">
          <reporter-output>
          </reporter-output>
        </test-method> <!-- setupPagesAndSelectCity -->
        <test-method signature="testInvalidGiftVoucher()[pri:0, instance:tests.GiftCardTest@4dd6fd0a]" started-at="2025-09-11T20:44:49 IST" name="testInvalidGiftVoucher" finished-at="2025-09-11T20:44:51 IST" duration-ms="1925" status="PASS">
          <reporter-output>
          </reporter-output>
        </test-method> <!-- testInvalidGiftVoucher -->
        <test-method is-config="true" signature="tearDown()[pri:0, instance:tests.GiftCardTest@4dd6fd0a]" started-at="2025-09-11T20:44:51 IST" name="tearDown" finished-at="2025-09-11T20:44:52 IST" duration-ms="378" status="PASS">
          <reporter-output>
          </reporter-output>
        </test-method> <!-- tearDown -->
      </class> <!-- tests.GiftCardTest -->
    </test> <!-- Edge Tests -->
    <test started-at="2025-09-11T20:40:48 IST" name="Firefox Tests" finished-at="2025-09-11T20:46:15 IST" duration-ms="327141">
      <class name="tests.LoginTest">
        <test-method is-config="true" signature="setup(java.lang.String)[pri:0, instance:tests.LoginTest@1130520d]" started-at="2025-09-11T20:40:48 IST" name="setup" finished-at="2025-09-11T20:41:03 IST" duration-ms="14744" status="PASS">
          <params>
            <param index="0">
              <value>
                <![CDATA[firefox]]>
              </value>
            </param>
          </params>
          <reporter-output>
          </reporter-output>
        </test-method> <!-- setup -->
        <test-method is-config="true" signature="setupPagesAndSelectCity()[pri:0, instance:tests.LoginTest@1130520d]" started-at="2025-09-11T20:41:03 IST" name="setupPagesAndSelectCity" finished-at="2025-09-11T20:41:15 IST" duration-ms="11517" status="PASS">
          <reporter-output>
          </reporter-output>
        </test-method> <!-- setupPagesAndSelectCity -->
        <test-method signature="testLoginUIElements()[pri:0, instance:tests.LoginTest@1130520d]" started-at="2025-09-11T20:41:15 IST" name="testLoginUIElements" finished-at="2025-09-11T20:41:16 IST" duration-ms="1726" status="PASS">
          <reporter-output>
          </reporter-output>
        </test-method> <!-- testLoginUIElements -->
        <test-method is-config="true" signature="tearDown()[pri:0, instance:tests.LoginTest@1130520d]" started-at="2025-09-11T20:41:16 IST" name="tearDown" finished-at="2025-09-11T20:41:18 IST" duration-ms="1847" status="PASS">
          <reporter-output>
          </reporter-output>
        </test-method> <!-- tearDown -->
        <test-method is-config="true" signature="setup(java.lang.String)[pri:0, instance:tests.LoginTest@1130520d]" started-at="2025-09-11T20:41:18 IST" name="setup" finished-at="2025-09-11T20:41:32 IST" duration-ms="13552" status="PASS">
          <params>
            <param index="0">
              <value>
                <![CDATA[firefox]]>
              </value>
            </param>
          </params>
          <reporter-output>
          </reporter-output>
        </test-method> <!-- setup -->
        <test-method is-config="true" signature="setupPagesAndSelectCity()[pri:0, instance:tests.LoginTest@1130520d]" started-at="2025-09-11T20:41:32 IST" name="setupPagesAndSelectCity" finished-at="2025-09-11T20:41:44 IST" duration-ms="12171" status="PASS">
          <reporter-output>
          </reporter-output>
        </test-method> <!-- setupPagesAndSelectCity -->
        <test-method signature="testLoginWithInvalidMobile()[pri:0, instance:tests.LoginTest@1130520d]" started-at="2025-09-11T20:41:44 IST" name="testLoginWithInvalidMobile" finished-at="2025-09-11T20:41:45 IST" duration-ms="1130" status="PASS">
          <reporter-output>
          </reporter-output>
        </test-method> <!-- testLoginWithInvalidMobile -->
        <test-method is-config="true" signature="tearDown()[pri:0, instance:tests.LoginTest@1130520d]" started-at="2025-09-11T20:41:45 IST" name="tearDown" finished-at="2025-09-11T20:41:47 IST" duration-ms="1683" status="PASS">
          <reporter-output>
          </reporter-output>
        </test-method> <!-- tearDown -->
        <test-method is-config="true" signature="setup(java.lang.String)[pri:0, instance:tests.LoginTest@1130520d]" started-at="2025-09-11T20:41:47 IST" name="setup" finished-at="2025-09-11T20:41:58 IST" duration-ms="11129" status="PASS">
          <params>
            <param index="0">
              <value>
                <![CDATA[firefox]]>
              </value>
            </param>
          </params>
          <reporter-output>
          </reporter-output>
        </test-method> <!-- setup -->
        <test-method is-config="true" signature="setupPagesAndSelectCity()[pri:0, instance:tests.LoginTest@1130520d]" started-at="2025-09-11T20:41:58 IST" name="setupPagesAndSelectCity" finished-at="2025-09-11T20:42:11 IST" duration-ms="12816" status="PASS">
          <reporter-output>
          </reporter-output>
        </test-method> <!-- setupPagesAndSelectCity -->
        <test-method signature="testLoginWithValidMobile()[pri:0, instance:tests.LoginTest@1130520d]" started-at="2025-09-11T20:42:11 IST" name="testLoginWithValidMobile" finished-at="2025-09-11T20:42:13 IST" duration-ms="2353" status="PASS">
          <reporter-output>
          </reporter-output>
        </test-method> <!-- testLoginWithValidMobile -->
        <test-method is-config="true" signature="tearDown()[pri:0, instance:tests.LoginTest@1130520d]" started-at="2025-09-11T20:42:13 IST" name="tearDown" finished-at="2025-09-11T20:42:16 IST" duration-ms="2809" status="PASS">
          <reporter-output>
          </reporter-output>
        </test-method> <!-- tearDown -->
      </class> <!-- tests.LoginTest -->
      <class name="tests.CityTest">
        <test-method is-config="true" signature="setup(java.lang.String)[pri:0, instance:tests.CityTest@5f77d0f9]" started-at="2025-09-11T20:42:16 IST" name="setup" finished-at="2025-09-11T20:42:33 IST" duration-ms="16912" status="PASS">
          <params>
            <param index="0">
              <value>
                <![CDATA[firefox]]>
              </value>
            </param>
          </params>
          <reporter-output>
          </reporter-output>
        </test-method> <!-- setup -->
        <test-method signature="testChangeLocation()[pri:0, instance:tests.CityTest@5f77d0f9]" started-at="2025-09-11T20:42:33 IST" name="testChangeLocation" finished-at="2025-09-11T20:42:46 IST" duration-ms="13113" status="PASS">
          <reporter-output>
          </reporter-output>
        </test-method> <!-- testChangeLocation -->
        <test-method is-config="true" signature="tearDown()[pri:0, instance:tests.CityTest@5f77d0f9]" started-at="2025-09-11T20:42:46 IST" name="tearDown" finished-at="2025-09-11T20:42:48 IST" duration-ms="2097" status="PASS">
          <reporter-output>
          </reporter-output>
        </test-method> <!-- tearDown -->
        <test-method is-config="true" signature="setup(java.lang.String)[pri:0, instance:tests.CityTest@5f77d0f9]" started-at="2025-09-11T20:42:48 IST" name="setup" finished-at="2025-09-11T20:43:03 IST" duration-ms="14786" status="PASS">
          <params>
            <param index="0">
              <value>
                <![CDATA[firefox]]>
              </value>
            </param>
          </params>
          <reporter-output>
          </reporter-output>
        </test-method> <!-- setup -->
        <test-method signature="testSearchAndSelectCity()[pri:0, instance:tests.CityTest@5f77d0f9]" started-at="2025-09-11T20:43:03 IST" name="testSearchAndSelectCity" finished-at="2025-09-11T20:43:14 IST" duration-ms="11520" status="PASS">
          <reporter-output>
          </reporter-output>
        </test-method> <!-- testSearchAndSelectCity -->
        <test-method is-config="true" signature="tearDown()[pri:0, instance:tests.CityTest@5f77d0f9]" started-at="2025-09-11T20:43:14 IST" name="tearDown" finished-at="2025-09-11T20:43:16 IST" duration-ms="1783" status="PASS">
          <reporter-output>
          </reporter-output>
        </test-method> <!-- tearDown -->
        <test-method is-config="true" signature="setup(java.lang.String)[pri:0, instance:tests.CityTest@5f77d0f9]" started-at="2025-09-11T20:43:16 IST" name="setup" finished-at="2025-09-11T20:43:27 IST" duration-ms="11189" status="PASS">
          <params>
            <param index="0">
              <value>
                <![CDATA[firefox]]>
              </value>
            </param>
          </params>
          <reporter-output>
          </reporter-output>
        </test-method> <!-- setup -->
        <test-method signature="testSelectCityByIcon()[pri:0, instance:tests.CityTest@5f77d0f9]" started-at="2025-09-11T20:43:27 IST" name="testSelectCityByIcon" finished-at="2025-09-11T20:43:28 IST" duration-ms="1208" status="PASS">
          <reporter-output>
          </reporter-output>
        </test-method> <!-- testSelectCityByIcon -->
        <test-method is-config="true" signature="tearDown()[pri:0, instance:tests.CityTest@5f77d0f9]" started-at="2025-09-11T20:43:28 IST" name="tearDown" finished-at="2025-09-11T20:43:30 IST" duration-ms="1969" status="PASS">
          <reporter-output>
          </reporter-output>
        </test-method> <!-- tearDown -->
        <test-method is-config="true" signature="setup(java.lang.String)[pri:0, instance:tests.CityTest@5f77d0f9]" started-at="2025-09-11T20:43:30 IST" name="setup" finished-at="2025-09-11T20:43:45 IST" duration-ms="14291" status="PASS">
          <params>
            <param index="0">
              <value>
                <![CDATA[firefox]]>
              </value>
            </param>
          </params>
          <reporter-output>
          </reporter-output>
        </test-method> <!-- setup -->
        <test-method signature="testViewAllCities()[pri:0, instance:tests.CityTest@5f77d0f9]" started-at="2025-09-11T20:43:45 IST" name="testViewAllCities" finished-at="2025-09-11T20:43:46 IST" duration-ms="1478" status="PASS">
          <reporter-output>
          </reporter-output>
        </test-method> <!-- testViewAllCities -->
        <test-method is-config="true" signature="tearDown()[pri:0, instance:tests.CityTest@5f77d0f9]" started-at="2025-09-11T20:43:46 IST" name="tearDown" finished-at="2025-09-11T20:43:50 IST" duration-ms="3647" status="PASS">
          <reporter-output>
          </reporter-output>
        </test-method> <!-- tearDown -->
      </class> <!-- tests.CityTest -->
      <class name="tests.MovieTest">
        <test-method is-config="true" signature="setup(java.lang.String)[pri:0, instance:tests.MovieTest@463fd068]" started-at="2025-09-11T20:43:50 IST" name="setup" finished-at="2025-09-11T20:44:03 IST" duration-ms="12967" status="PASS">
          <params>
            <param index="0">
              <value>
                <![CDATA[firefox]]>
              </value>
            </param>
          </params>
          <reporter-output>
          </reporter-output>
        </test-method> <!-- setup -->
        <test-method is-config="true" signature="setupPagesAndSelectCity()[pri:0, instance:tests.MovieTest@463fd068]" started-at="2025-09-11T20:44:03 IST" name="setupPagesAndSelectCity" finished-at="2025-09-11T20:44:14 IST" duration-ms="11422" status="PASS">
          <reporter-output>
          </reporter-output>
        </test-method> <!-- setupPagesAndSelectCity -->
        <test-method signature="testMovie8SelectRunningMovie()[pri:0, instance:tests.MovieTest@463fd068]" started-at="2025-09-11T20:44:14 IST" name="testMovie8SelectRunningMovie" finished-at="2025-09-11T20:44:17 IST" duration-ms="2605" status="PASS">
          <reporter-output>
          </reporter-output>
        </test-method> <!-- testMovie8SelectRunningMovie -->
        <test-method is-config="true" signature="tearDown()[pri:0, instance:tests.MovieTest@463fd068]" started-at="2025-09-11T20:44:17 IST" name="tearDown" finished-at="2025-09-11T20:44:19 IST" duration-ms="1744" status="PASS">
          <reporter-output>
          </reporter-output>
        </test-method> <!-- tearDown -->
        <test-method is-config="true" signature="setup(java.lang.String)[pri:0, instance:tests.MovieTest@463fd068]" started-at="2025-09-11T20:44:19 IST" name="setup" finished-at="2025-09-11T20:44:34 IST" duration-ms="15785" status="PASS">
          <params>
            <param index="0">
              <value>
                <![CDATA[firefox]]>
              </value>
            </param>
          </params>
          <reporter-output>
          </reporter-output>
        </test-method> <!-- setup -->
        <test-method is-config="true" signature="setupPagesAndSelectCity()[pri:0, instance:tests.MovieTest@463fd068]" started-at="2025-09-11T20:44:34 IST" name="setupPagesAndSelectCity" finished-at="2025-09-11T20:44:46 IST" duration-ms="11530" status="PASS">
          <reporter-output>
          </reporter-output>
        </test-method> <!-- setupPagesAndSelectCity -->
        <test-method signature="testTopMenuNavigation()[pri:0, instance:tests.MovieTest@463fd068]" started-at="2025-09-11T20:44:46 IST" name="testTopMenuNavigation" finished-at="2025-09-11T20:45:00 IST" duration-ms="14203" status="PASS">
          <reporter-output>
          </reporter-output>
        </test-method> <!-- testTopMenuNavigation -->
        <test-method is-config="true" signature="tearDown()[pri:0, instance:tests.MovieTest@463fd068]" started-at="2025-09-11T20:45:00 IST" name="tearDown" finished-at="2025-09-11T20:45:02 IST" duration-ms="1583" status="PASS">
          <reporter-output>
          </reporter-output>
        </test-method> <!-- tearDown -->
        <test-method is-config="true" signature="setup(java.lang.String)[pri:0, instance:tests.MovieTest@463fd068]" started-at="2025-09-11T20:45:02 IST" name="setup" finished-at="2025-09-11T20:45:12 IST" duration-ms="10699" status="PASS">
          <params>
            <param index="0">
              <value>
                <![CDATA[firefox]]>
              </value>
            </param>
          </params>
          <reporter-output>
          </reporter-output>
        </test-method> <!-- setup -->
        <test-method is-config="true" signature="setupPagesAndSelectCity()[pri:0, instance:tests.MovieTest@463fd068]" started-at="2025-09-11T20:45:12 IST" name="setupPagesAndSelectCity" finished-at="2025-09-11T20:45:24 IST" duration-ms="11467" status="PASS">
          <reporter-output>
          </reporter-output>
        </test-method> <!-- setupPagesAndSelectCity -->
        <test-method signature="testUpcomingAndNowShowing()[pri:0, instance:tests.MovieTest@463fd068]" started-at="2025-09-11T20:45:24 IST" name="testUpcomingAndNowShowing" finished-at="2025-09-11T20:45:27 IST" duration-ms="3064" status="PASS">
          <reporter-output>
          </reporter-output>
        </test-method> <!-- testUpcomingAndNowShowing -->
        <test-method is-config="true" signature="tearDown()[pri:0, instance:tests.MovieTest@463fd068]" started-at="2025-09-11T20:45:27 IST" name="tearDown" finished-at="2025-09-11T20:45:29 IST" duration-ms="1716" status="PASS">
          <reporter-output>
          </reporter-output>
        </test-method> <!-- tearDown -->
      </class> <!-- tests.MovieTest -->
      <class name="tests.GiftCardTest">
        <test-method is-config="true" signature="setup(java.lang.String)[pri:0, instance:tests.GiftCardTest@895e367]" started-at="2025-09-11T20:45:29 IST" name="setup" finished-at="2025-09-11T20:45:38 IST" duration-ms="9505" status="PASS">
          <params>
            <param index="0">
              <value>
                <![CDATA[firefox]]>
              </value>
            </param>
          </params>
          <reporter-output>
          </reporter-output>
        </test-method> <!-- setup -->
        <test-method is-config="true" signature="setupPagesAndSelectCity()[pri:0, instance:tests.GiftCardTest@895e367]" started-at="2025-09-11T20:45:38 IST" name="setupPagesAndSelectCity" finished-at="2025-09-11T20:45:50 IST" duration-ms="11369" status="PASS">
          <reporter-output>
          </reporter-output>
        </test-method> <!-- setupPagesAndSelectCity -->
        <test-method signature="testGiftCardSection()[pri:0, instance:tests.GiftCardTest@895e367]" started-at="2025-09-11T20:45:50 IST" name="testGiftCardSection" finished-at="2025-09-11T20:45:50 IST" duration-ms="431" status="PASS">
          <reporter-output>
          </reporter-output>
        </test-method> <!-- testGiftCardSection -->
        <test-method is-config="true" signature="tearDown()[pri:0, instance:tests.GiftCardTest@895e367]" started-at="2025-09-11T20:45:50 IST" name="tearDown" finished-at="2025-09-11T20:45:52 IST" duration-ms="1686" status="PASS">
          <reporter-output>
          </reporter-output>
        </test-method> <!-- tearDown -->
        <test-method is-config="true" signature="setup(java.lang.String)[pri:0, instance:tests.GiftCardTest@895e367]" started-at="2025-09-11T20:45:52 IST" name="setup" finished-at="2025-09-11T20:46:01 IST" duration-ms="9507" status="PASS">
          <params>
            <param index="0">
              <value>
                <![CDATA[firefox]]>
              </value>
            </param>
          </params>
          <reporter-output>
          </reporter-output>
        </test-method> <!-- setup -->
        <test-method is-config="true" signature="setupPagesAndSelectCity()[pri:0, instance:tests.GiftCardTest@895e367]" started-at="2025-09-11T20:46:01 IST" name="setupPagesAndSelectCity" finished-at="2025-09-11T20:46:12 IST" duration-ms="11355" status="PASS">
          <reporter-output>
          </reporter-output>
        </test-method> <!-- setupPagesAndSelectCity -->
        <test-method signature="testInvalidGiftVoucher()[pri:0, instance:tests.GiftCardTest@895e367]" started-at="2025-09-11T20:46:12 IST" name="testInvalidGiftVoucher" finished-at="2025-09-11T20:46:14 IST" duration-ms="1358" status="PASS">
          <reporter-output>
          </reporter-output>
        </test-method> <!-- testInvalidGiftVoucher -->
        <test-method is-config="true" signature="tearDown()[pri:0, instance:tests.GiftCardTest@895e367]" started-at="2025-09-11T20:46:14 IST" name="tearDown" finished-at="2025-09-11T20:46:15 IST" duration-ms="1515" status="PASS">
          <reporter-output>
          </reporter-output>
        </test-method> <!-- tearDown -->
      </class> <!-- tests.GiftCardTest -->
    </test> <!-- Firefox Tests -->
  </suite> <!-- Regression Suite -->
</testng-results>
